This file contains any messages produced by compilers while
running configure, to aid debugging if configure makes a mistake.

It was created by libltdl configure 2.4.3a, which was
generated by GNU Autoconf 2.69.  Invocation command line was

  $ ./configure --disable-option-checking --prefix=/usr --target=arm-buildroot-linux-gnueabihf --host=arm-buildroot-linux-gnueabihf --build=x86_64-pc-linux-gnu --exec-prefix=/usr --sysconfdir=/etc --localstatedir=/var --program-prefix= --disable-gtk-doc --disable-gtk-doc-html --disable-doc --disable-docs --disable-documentation --with-xmlto=no --with-fop=no --disable-dependency-tracking --enable-ipv6 --enable-nls --disable-static --enable-shared --with-bdb-dir=/mnt/data/HW/Allwiner/LicheePi-Zero_V3S/root/buildroot-2023.02/output/host/arm-buildroot-linux-gnueabihf/sysroot/usr BDB_VERSION=5.3.28 build_alias=x86_64-pc-linux-gnu host_alias=arm-buildroot-linux-gnueabihf target_alias=arm-buildroot-linux-gnueabihf CC=/mnt/data/HW/Allwiner/LicheePi-Zero_V3S/root/buildroot-2023.02/output/host/bin/arm-none-linux-gnueabihf-gcc CFLAGS=-D_LARGEFILE_SOURCE -D_LARGEFILE64_SOURCE -D_FILE_OFFSET_BITS=64  -Os -g0 -D_FORTIFY_SOURCE=1 LDFLAGS= CPPFLAGS=-D_LARGEFILE_SOURCE -D_LARGEFILE64_SOURCE -D_FILE_OFFSET_BITS=64 CXX=/mnt/data/HW/Allwiner/LicheePi-Zero_V3S/root/buildroot-2023.02/output/host/bin/arm-none-linux-gnueabihf-g++ CXXFLAGS=-D_LARGEFILE_SOURCE -D_LARGEFILE64_SOURCE -D_FILE_OFFSET_BITS=64  -Os -g0 -D_FORTIFY_SOURCE=1 CPP=/mnt/data/HW/Allwiner/LicheePi-Zero_V3S/root/buildroot-2023.02/output/host/bin/arm-none-linux-gnueabihf-cpp PKG_CONFIG=/mnt/data/HW/Allwiner/LicheePi-Zero_V3S/root/buildroot-2023.02/output/host/bin/pkg-config --enable-ltdl-convenience --cache-file=/dev/null --srcdir=.

## --------- ##
## Platform. ##
## --------- ##

hostname = iam-delux
uname -m = x86_64
uname -r = 6.1.0-9-amd64
uname -s = Linux
uname -v = #1 SMP PREEMPT_DYNAMIC Debian 6.1.27-1 (2023-05-08)

/usr/bin/uname -p = unknown
/bin/uname -X     = unknown

/bin/arch              = x86_64
/usr/bin/arch -k       = unknown
/usr/convex/getsysinfo = unknown
/usr/bin/hostinfo      = unknown
/bin/machine           = unknown
/usr/bin/oslevel       = unknown
/bin/universe          = unknown

PATH: /mnt/data/HW/Allwiner/LicheePi-Zero_V3S/root/buildroot-2023.02/output/host/bin
PATH: /mnt/data/HW/Allwiner/LicheePi-Zero_V3S/root/buildroot-2023.02/output/host/sbin
PATH: /usr/local/bin
PATH: /usr/bin
PATH: /bin
PATH: /usr/local/games
PATH: /usr/games


## ----------- ##
## Core tests. ##
## ----------- ##

configure:2299: checking for a BSD-compatible install
configure:2367: result: /usr/bin/install -c
configure:2378: checking whether build environment is sane
configure:2433: result: yes
configure:2492: checking for arm-buildroot-linux-gnueabihf-strip
configure:2519: result: /mnt/data/HW/Allwiner/LicheePi-Zero_V3S/root/buildroot-2023.02/output/host/bin/arm-none-linux-gnueabihf-strip
configure:2584: checking for a thread-safe mkdir -p
configure:2623: result: /usr/bin/mkdir -p
configure:2630: checking for gawk
configure:2646: found /mnt/data/HW/Allwiner/LicheePi-Zero_V3S/root/buildroot-2023.02/output/host/bin/gawk
configure:2657: result: gawk
configure:2668: checking whether make sets $(MAKE)
configure:2690: result: yes
configure:2719: checking whether make supports nested variables
configure:2736: result: yes
configure:2873: checking whether make supports nested variables
configure:2890: result: yes
configure:2941: checking build system type
configure:2955: result: x86_64-pc-linux-gnu
configure:2975: checking host system type
configure:2988: result: arm-buildroot-linux-gnueabihf
configure:3029: checking how to print strings
configure:3056: result: printf
configure:3089: checking for style of include used by make
configure:3117: result: GNU
configure:3148: checking for arm-buildroot-linux-gnueabihf-gcc
configure:3175: result: /mnt/data/HW/Allwiner/LicheePi-Zero_V3S/root/buildroot-2023.02/output/host/bin/arm-none-linux-gnueabihf-gcc
configure:3444: checking for C compiler version
configure:3453: /mnt/data/HW/Allwiner/LicheePi-Zero_V3S/root/buildroot-2023.02/output/host/bin/arm-none-linux-gnueabihf-gcc --version >&5
arm-none-linux-gnueabihf-gcc (GNU Toolchain for the A-profile Architecture 10.3-2021.07 (arm-10.29)) 10.3.1 20210621
Copyright (C) 2020 Free Software Foundation, Inc.
This is free software; see the source for copying conditions.  There is NO
warranty; not even for MERCHANTABILITY or FITNESS FOR A PARTICULAR PURPOSE.

configure:3464: $? = 0
configure:3453: /mnt/data/HW/Allwiner/LicheePi-Zero_V3S/root/buildroot-2023.02/output/host/bin/arm-none-linux-gnueabihf-gcc -v >&5
Using built-in specs.
COLLECT_GCC=/mnt/data/HW/Allwiner/LicheePi-Zero_V3S/root/buildroot-2023.02/output/host/opt/ext-toolchain/bin/arm-none-linux-gnueabihf-gcc
COLLECT_LTO_WRAPPER=/mnt/data/HW/Allwiner/LicheePi-Zero_V3S/root/buildroot-2023.02/output/host/opt/ext-toolchain/bin/../libexec/gcc/arm-none-linux-gnueabihf/10.3.1/lto-wrapper
Target: arm-none-linux-gnueabihf
Configured with: /data/jenkins/workspace/GNU-toolchain/arm-10/src/gcc/configure --target=arm-none-linux-gnueabihf --prefix= --with-sysroot=/arm-none-linux-gnueabihf/libc --with-build-sysroot=/data/jenkins/workspace/GNU-toolchain/arm-10/build-arm-none-linux-gnueabihf/install//arm-none-linux-gnueabihf/libc --with-bugurl=https://bugs.linaro.org/ --enable-gnu-indirect-function --enable-shared --disable-libssp --disable-libmudflap --enable-checking=release --enable-languages=c,c++,fortran --with-gmp=/data/jenkins/workspace/GNU-toolchain/arm-10/build-arm-none-linux-gnueabihf/host-tools --with-mpfr=/data/jenkins/workspace/GNU-toolchain/arm-10/build-arm-none-linux-gnueabihf/host-tools --with-mpc=/data/jenkins/workspace/GNU-toolchain/arm-10/build-arm-none-linux-gnueabihf/host-tools --with-isl=/data/jenkins/workspace/GNU-toolchain/arm-10/build-arm-none-linux-gnueabihf/host-tools --with-arch=armv7-a --with-fpu=neon --with-float=hard --with-mode=thumb --with-arch=armv7-a --with-pkgversion='GNU Toolchain for the A-profile Architecture 10.3-2021.07 (arm-10.29)'
Thread model: posix
Supported LTO compression algorithms: zlib
gcc version 10.3.1 20210621 (GNU Toolchain for the A-profile Architecture 10.3-2021.07 (arm-10.29)) 
COMPILER_PATH=/mnt/data/HW/Allwiner/LicheePi-Zero_V3S/root/buildroot-2023.02/output/host/opt/ext-toolchain/bin/../libexec/gcc/arm-none-linux-gnueabihf/10.3.1/:/mnt/data/HW/Allwiner/LicheePi-Zero_V3S/root/buildroot-2023.02/output/host/opt/ext-toolchain/bin/../libexec/gcc/:/mnt/data/HW/Allwiner/LicheePi-Zero_V3S/root/buildroot-2023.02/output/host/opt/ext-toolchain/bin/../lib/gcc/arm-none-linux-gnueabihf/10.3.1/../../../../arm-none-linux-gnueabihf/bin/
LIBRARY_PATH=/mnt/data/HW/Allwiner/LicheePi-Zero_V3S/root/buildroot-2023.02/output/host/opt/ext-toolchain/bin/../lib/gcc/arm-none-linux-gnueabihf/10.3.1/:/mnt/data/HW/Allwiner/LicheePi-Zero_V3S/root/buildroot-2023.02/output/host/opt/ext-toolchain/bin/../lib/gcc/:/mnt/data/HW/Allwiner/LicheePi-Zero_V3S/root/buildroot-2023.02/output/host/opt/ext-toolchain/bin/../lib/gcc/arm-none-linux-gnueabihf/10.3.1/../../../../arm-none-linux-gnueabihf/lib/:/mnt/data/HW/Allwiner/LicheePi-Zero_V3S/root/buildroot-2023.02/output/host/arm-buildroot-linux-gnueabihf/sysroot/lib/:/mnt/data/HW/Allwiner/LicheePi-Zero_V3S/root/buildroot-2023.02/output/host/arm-buildroot-linux-gnueabihf/sysroot/usr/lib/
... rest of stderr output deleted ...
configure:3464: $? = 1
configure:3453: /mnt/data/HW/Allwiner/LicheePi-Zero_V3S/root/buildroot-2023.02/output/host/bin/arm-none-linux-gnueabihf-gcc -V >&5
arm-none-linux-gnueabihf-gcc: error: unrecognized command-line option '-V'
configure:3464: $? = 1
configure:3453: /mnt/data/HW/Allwiner/LicheePi-Zero_V3S/root/buildroot-2023.02/output/host/bin/arm-none-linux-gnueabihf-gcc -qversion >&5
arm-none-linux-gnueabihf-gcc: error: unrecognized command-line option '-qversion'; did you mean '--version'?
configure:3464: $? = 1
configure:3484: checking whether the C compiler works
configure:3506: /mnt/data/HW/Allwiner/LicheePi-Zero_V3S/root/buildroot-2023.02/output/host/bin/arm-none-linux-gnueabihf-gcc -D_LARGEFILE_SOURCE -D_LARGEFILE64_SOURCE -D_FILE_OFFSET_BITS=64  -Os -g0 -D_FORTIFY_SOURCE=1 -D_LARGEFILE_SOURCE -D_LARGEFILE64_SOURCE -D_FILE_OFFSET_BITS=64  conftest.c  >&5
configure:3510: $? = 0
configure:3558: result: yes
configure:3561: checking for C compiler default output file name
configure:3563: result: a.out
configure:3569: checking for suffix of executables
configure:3576: /mnt/data/HW/Allwiner/LicheePi-Zero_V3S/root/buildroot-2023.02/output/host/bin/arm-none-linux-gnueabihf-gcc -o conftest -D_LARGEFILE_SOURCE -D_LARGEFILE64_SOURCE -D_FILE_OFFSET_BITS=64  -Os -g0 -D_FORTIFY_SOURCE=1 -D_LARGEFILE_SOURCE -D_LARGEFILE64_SOURCE -D_FILE_OFFSET_BITS=64  conftest.c  >&5
configure:3580: $? = 0
configure:3602: result: 
configure:3624: checking whether we are cross compiling
configure:3662: result: yes
configure:3667: checking for suffix of object files
configure:3689: /mnt/data/HW/Allwiner/LicheePi-Zero_V3S/root/buildroot-2023.02/output/host/bin/arm-none-linux-gnueabihf-gcc -c -D_LARGEFILE_SOURCE -D_LARGEFILE64_SOURCE -D_FILE_OFFSET_BITS=64  -Os -g0 -D_FORTIFY_SOURCE=1 -D_LARGEFILE_SOURCE -D_LARGEFILE64_SOURCE -D_FILE_OFFSET_BITS=64 conftest.c >&5
configure:3693: $? = 0
configure:3714: result: o
configure:3718: checking whether we are using the GNU C compiler
configure:3737: /mnt/data/HW/Allwiner/LicheePi-Zero_V3S/root/buildroot-2023.02/output/host/bin/arm-none-linux-gnueabihf-gcc -c -D_LARGEFILE_SOURCE -D_LARGEFILE64_SOURCE -D_FILE_OFFSET_BITS=64  -Os -g0 -D_FORTIFY_SOURCE=1 -D_LARGEFILE_SOURCE -D_LARGEFILE64_SOURCE -D_FILE_OFFSET_BITS=64 conftest.c >&5
configure:3737: $? = 0
configure:3746: result: yes
configure:3755: checking whether /mnt/data/HW/Allwiner/LicheePi-Zero_V3S/root/buildroot-2023.02/output/host/bin/arm-none-linux-gnueabihf-gcc accepts -g
configure:3775: /mnt/data/HW/Allwiner/LicheePi-Zero_V3S/root/buildroot-2023.02/output/host/bin/arm-none-linux-gnueabihf-gcc -c -g -D_LARGEFILE_SOURCE -D_LARGEFILE64_SOURCE -D_FILE_OFFSET_BITS=64 conftest.c >&5
configure:3775: $? = 0
configure:3816: result: yes
configure:3833: checking for /mnt/data/HW/Allwiner/LicheePi-Zero_V3S/root/buildroot-2023.02/output/host/bin/arm-none-linux-gnueabihf-gcc option to accept ISO C89
configure:3896: /mnt/data/HW/Allwiner/LicheePi-Zero_V3S/root/buildroot-2023.02/output/host/bin/arm-none-linux-gnueabihf-gcc  -c -D_LARGEFILE_SOURCE -D_LARGEFILE64_SOURCE -D_FILE_OFFSET_BITS=64  -Os -g0 -D_FORTIFY_SOURCE=1 -D_LARGEFILE_SOURCE -D_LARGEFILE64_SOURCE -D_FILE_OFFSET_BITS=64 conftest.c >&5
configure:3896: $? = 0
configure:3909: result: none needed
configure:3934: checking whether /mnt/data/HW/Allwiner/LicheePi-Zero_V3S/root/buildroot-2023.02/output/host/bin/arm-none-linux-gnueabihf-gcc understands -c and -o together
configure:3956: /mnt/data/HW/Allwiner/LicheePi-Zero_V3S/root/buildroot-2023.02/output/host/bin/arm-none-linux-gnueabihf-gcc -c conftest.c -o conftest2.o
configure:3959: $? = 0
configure:3956: /mnt/data/HW/Allwiner/LicheePi-Zero_V3S/root/buildroot-2023.02/output/host/bin/arm-none-linux-gnueabihf-gcc -c conftest.c -o conftest2.o
configure:3959: $? = 0
configure:3971: result: yes
configure:3990: checking dependency style of /mnt/data/HW/Allwiner/LicheePi-Zero_V3S/root/buildroot-2023.02/output/host/bin/arm-none-linux-gnueabihf-gcc
configure:4101: result: none
configure:4116: checking for a sed that does not truncate output
configure:4180: result: /usr/bin/sed
configure:4198: checking for grep that handles long lines and -e
configure:4256: result: /usr/bin/grep
configure:4261: checking for egrep
configure:4323: result: /usr/bin/grep -E
configure:4328: checking for fgrep
configure:4390: result: /usr/bin/grep -F
configure:4425: checking for ld used by /mnt/data/HW/Allwiner/LicheePi-Zero_V3S/root/buildroot-2023.02/output/host/bin/arm-none-linux-gnueabihf-gcc
configure:4492: result: /mnt/data/HW/Allwiner/LicheePi-Zero_V3S/root/buildroot-2023.02/output/host/bin/arm-none-linux-gnueabihf-ld
configure:4499: checking if the linker (/mnt/data/HW/Allwiner/LicheePi-Zero_V3S/root/buildroot-2023.02/output/host/bin/arm-none-linux-gnueabihf-ld) is GNU ld
configure:4514: result: yes
configure:4526: checking for BSD- or MS-compatible name lister (nm)
configure:4580: result: /mnt/data/HW/Allwiner/LicheePi-Zero_V3S/root/buildroot-2023.02/output/host/bin/arm-none-linux-gnueabihf-gcc-nm
configure:4710: checking the name lister (/mnt/data/HW/Allwiner/LicheePi-Zero_V3S/root/buildroot-2023.02/output/host/bin/arm-none-linux-gnueabihf-gcc-nm) interface
configure:4717: /mnt/data/HW/Allwiner/LicheePi-Zero_V3S/root/buildroot-2023.02/output/host/bin/arm-none-linux-gnueabihf-gcc -c -D_LARGEFILE_SOURCE -D_LARGEFILE64_SOURCE -D_FILE_OFFSET_BITS=64  -Os -g0 -D_FORTIFY_SOURCE=1 -D_LARGEFILE_SOURCE -D_LARGEFILE64_SOURCE -D_FILE_OFFSET_BITS=64 conftest.c >&5
configure:4720: /mnt/data/HW/Allwiner/LicheePi-Zero_V3S/root/buildroot-2023.02/output/host/bin/arm-none-linux-gnueabihf-gcc-nm "conftest.o"
configure:4723: output
00000000 B some_variable
configure:4730: result: BSD nm
configure:4733: checking whether ln -s works
configure:4737: result: yes
configure:4745: checking the maximum length of command line arguments
configure:4876: result: 1572864
configure:4924: checking how to convert x86_64-pc-linux-gnu file names to arm-buildroot-linux-gnueabihf format
configure:4964: result: func_convert_file_noop
configure:4971: checking how to convert x86_64-pc-linux-gnu file names to toolchain format
configure:4991: result: func_convert_file_noop
configure:4998: checking for /mnt/data/HW/Allwiner/LicheePi-Zero_V3S/root/buildroot-2023.02/output/host/bin/arm-none-linux-gnueabihf-ld option to reload object files
configure:5005: result: -r
configure:5039: checking for arm-buildroot-linux-gnueabihf-objdump
configure:5066: result: /mnt/data/HW/Allwiner/LicheePi-Zero_V3S/root/buildroot-2023.02/output/host/bin/arm-none-linux-gnueabihf-objdump
configure:5135: checking how to recognize dependent libraries
configure:5335: result: pass_all
configure:5380: checking for arm-buildroot-linux-gnueabihf-dlltool
configure:5410: result: no
configure:5420: checking for dlltool
configure:5450: result: no
configure:5477: checking how to associate runtime and link libraries
configure:5504: result: printf %s\n
configure:5521: checking for arm-buildroot-linux-gnueabihf-ar
configure:5548: result: /mnt/data/HW/Allwiner/LicheePi-Zero_V3S/root/buildroot-2023.02/output/host/bin/arm-none-linux-gnueabihf-gcc-ar
configure:5629: checking for archiver @FILE support
configure:5646: /mnt/data/HW/Allwiner/LicheePi-Zero_V3S/root/buildroot-2023.02/output/host/bin/arm-none-linux-gnueabihf-gcc -c -D_LARGEFILE_SOURCE -D_LARGEFILE64_SOURCE -D_FILE_OFFSET_BITS=64  -Os -g0 -D_FORTIFY_SOURCE=1 -D_LARGEFILE_SOURCE -D_LARGEFILE64_SOURCE -D_FILE_OFFSET_BITS=64 conftest.c >&5
configure:5646: $? = 0
configure:5649: /mnt/data/HW/Allwiner/LicheePi-Zero_V3S/root/buildroot-2023.02/output/host/bin/arm-none-linux-gnueabihf-gcc-ar cru libconftest.a @conftest.lst >&5
configure:5652: $? = 0
configure:5657: /mnt/data/HW/Allwiner/LicheePi-Zero_V3S/root/buildroot-2023.02/output/host/bin/arm-none-linux-gnueabihf-gcc-ar cru libconftest.a @conftest.lst >&5
/mnt/data/HW/Allwiner/LicheePi-Zero_V3S/root/buildroot-2023.02/output/host/opt/ext-toolchain/bin/../lib/gcc/arm-none-linux-gnueabihf/10.3.1/../../../../arm-none-linux-gnueabihf/bin/ar: conftest.o: No such file or directory
configure:5660: $? = 1
configure:5672: result: @
configure:5690: checking for arm-buildroot-linux-gnueabihf-strip
configure:5717: result: /mnt/data/HW/Allwiner/LicheePi-Zero_V3S/root/buildroot-2023.02/output/host/bin/arm-none-linux-gnueabihf-strip
configure:5789: checking for arm-buildroot-linux-gnueabihf-ranlib
configure:5816: result: /mnt/data/HW/Allwiner/LicheePi-Zero_V3S/root/buildroot-2023.02/output/host/bin/arm-none-linux-gnueabihf-gcc-ranlib
configure:5958: checking command to parse /mnt/data/HW/Allwiner/LicheePi-Zero_V3S/root/buildroot-2023.02/output/host/bin/arm-none-linux-gnueabihf-gcc-nm output from /mnt/data/HW/Allwiner/LicheePi-Zero_V3S/root/buildroot-2023.02/output/host/bin/arm-none-linux-gnueabihf-gcc object
configure:6111: /mnt/data/HW/Allwiner/LicheePi-Zero_V3S/root/buildroot-2023.02/output/host/bin/arm-none-linux-gnueabihf-gcc -c -D_LARGEFILE_SOURCE -D_LARGEFILE64_SOURCE -D_FILE_OFFSET_BITS=64  -Os -g0 -D_FORTIFY_SOURCE=1 -D_LARGEFILE_SOURCE -D_LARGEFILE64_SOURCE -D_FILE_OFFSET_BITS=64 conftest.c >&5
configure:6114: $? = 0
configure:6118: /mnt/data/HW/Allwiner/LicheePi-Zero_V3S/root/buildroot-2023.02/output/host/bin/arm-none-linux-gnueabihf-gcc-nm conftest.o \| sed -n -e 's/^.*[ ]\([ABCDGIRSTW][ABCDGIRSTW]*\)[ ][ ]*\([_A-Za-z][_A-Za-z0-9]*\)$/\1 \2 \2/p' | sed '/ __gnu_lto/d' \> conftest.nm
configure:6121: $? = 0
configure:6187: /mnt/data/HW/Allwiner/LicheePi-Zero_V3S/root/buildroot-2023.02/output/host/bin/arm-none-linux-gnueabihf-gcc -o conftest -D_LARGEFILE_SOURCE -D_LARGEFILE64_SOURCE -D_FILE_OFFSET_BITS=64  -Os -g0 -D_FORTIFY_SOURCE=1 -D_LARGEFILE_SOURCE -D_LARGEFILE64_SOURCE -D_FILE_OFFSET_BITS=64  conftest.c conftstm.o >&5
configure:6190: $? = 0
configure:6228: result: ok
configure:6275: checking for sysroot
configure:6305: result: no
configure:6312: checking for a working dd
configure:6350: result: /usr/bin/dd
configure:6354: checking how to truncate binary pipes
configure:6369: result: /usr/bin/dd bs=4096 count=1
configure:6658: checking for arm-buildroot-linux-gnueabihf-mt
configure:6688: result: no
configure:6698: checking for mt
configure:6714: found /usr/bin/mt
configure:6725: result: mt
configure:6737: WARNING: using cross tools not prefixed with host triplet
configure:6748: checking if mt is a manifest tool
configure:6754: mt '-?'
configure:6762: result: no
configure:7439: checking how to run the C preprocessor
configure:7509: result: /mnt/data/HW/Allwiner/LicheePi-Zero_V3S/root/buildroot-2023.02/output/host/bin/arm-none-linux-gnueabihf-cpp
configure:7529: /mnt/data/HW/Allwiner/LicheePi-Zero_V3S/root/buildroot-2023.02/output/host/bin/arm-none-linux-gnueabihf-cpp -D_LARGEFILE_SOURCE -D_LARGEFILE64_SOURCE -D_FILE_OFFSET_BITS=64 conftest.c
configure:7529: $? = 0
configure:7543: /mnt/data/HW/Allwiner/LicheePi-Zero_V3S/root/buildroot-2023.02/output/host/bin/arm-none-linux-gnueabihf-cpp -D_LARGEFILE_SOURCE -D_LARGEFILE64_SOURCE -D_FILE_OFFSET_BITS=64 conftest.c
conftest.c:11:10: fatal error: ac_nonexistent.h: No such file or directory
   11 | #include <ac_nonexistent.h>
      |          ^~~~~~~~~~~~~~~~~~
compilation terminated.
configure:7543: $? = 1
configure: failed program was:
| /* confdefs.h */
| #define PACKAGE_NAME "libltdl"
| #define PACKAGE_TARNAME "libltdl"
| #define PACKAGE_VERSION "2.4.3a"
| #define PACKAGE_STRING "libltdl 2.4.3a"
| #define PACKAGE_BUGREPORT "bug-libtool@gnu.org"
| #define PACKAGE_URL ""
| #define PACKAGE "libltdl"
| #define VERSION "2.4.3a"
| /* end confdefs.h.  */
| #include <ac_nonexistent.h>
configure:7572: checking for ANSI C header files
configure:7592: /mnt/data/HW/Allwiner/LicheePi-Zero_V3S/root/buildroot-2023.02/output/host/bin/arm-none-linux-gnueabihf-gcc -c -D_LARGEFILE_SOURCE -D_LARGEFILE64_SOURCE -D_FILE_OFFSET_BITS=64  -Os -g0 -D_FORTIFY_SOURCE=1 -D_LARGEFILE_SOURCE -D_LARGEFILE64_SOURCE -D_FILE_OFFSET_BITS=64 conftest.c >&5
configure:7592: $? = 0
configure:7676: result: yes
configure:7689: checking for sys/types.h
configure:7689: /mnt/data/HW/Allwiner/LicheePi-Zero_V3S/root/buildroot-2023.02/output/host/bin/arm-none-linux-gnueabihf-gcc -c -D_LARGEFILE_SOURCE -D_LARGEFILE64_SOURCE -D_FILE_OFFSET_BITS=64  -Os -g0 -D_FORTIFY_SOURCE=1 -D_LARGEFILE_SOURCE -D_LARGEFILE64_SOURCE -D_FILE_OFFSET_BITS=64 conftest.c >&5
configure:7689: $? = 0
configure:7689: result: yes
configure:7689: checking for sys/stat.h
configure:7689: /mnt/data/HW/Allwiner/LicheePi-Zero_V3S/root/buildroot-2023.02/output/host/bin/arm-none-linux-gnueabihf-gcc -c -D_LARGEFILE_SOURCE -D_LARGEFILE64_SOURCE -D_FILE_OFFSET_BITS=64  -Os -g0 -D_FORTIFY_SOURCE=1 -D_LARGEFILE_SOURCE -D_LARGEFILE64_SOURCE -D_FILE_OFFSET_BITS=64 conftest.c >&5
configure:7689: $? = 0
configure:7689: result: yes
configure:7689: checking for stdlib.h
configure:7689: /mnt/data/HW/Allwiner/LicheePi-Zero_V3S/root/buildroot-2023.02/output/host/bin/arm-none-linux-gnueabihf-gcc -c -D_LARGEFILE_SOURCE -D_LARGEFILE64_SOURCE -D_FILE_OFFSET_BITS=64  -Os -g0 -D_FORTIFY_SOURCE=1 -D_LARGEFILE_SOURCE -D_LARGEFILE64_SOURCE -D_FILE_OFFSET_BITS=64 conftest.c >&5
configure:7689: $? = 0
configure:7689: result: yes
configure:7689: checking for string.h
configure:7689: /mnt/data/HW/Allwiner/LicheePi-Zero_V3S/root/buildroot-2023.02/output/host/bin/arm-none-linux-gnueabihf-gcc -c -D_LARGEFILE_SOURCE -D_LARGEFILE64_SOURCE -D_FILE_OFFSET_BITS=64  -Os -g0 -D_FORTIFY_SOURCE=1 -D_LARGEFILE_SOURCE -D_LARGEFILE64_SOURCE -D_FILE_OFFSET_BITS=64 conftest.c >&5
configure:7689: $? = 0
configure:7689: result: yes
configure:7689: checking for memory.h
configure:7689: /mnt/data/HW/Allwiner/LicheePi-Zero_V3S/root/buildroot-2023.02/output/host/bin/arm-none-linux-gnueabihf-gcc -c -D_LARGEFILE_SOURCE -D_LARGEFILE64_SOURCE -D_FILE_OFFSET_BITS=64  -Os -g0 -D_FORTIFY_SOURCE=1 -D_LARGEFILE_SOURCE -D_LARGEFILE64_SOURCE -D_FILE_OFFSET_BITS=64 conftest.c >&5
configure:7689: $? = 0
configure:7689: result: yes
configure:7689: checking for strings.h
configure:7689: /mnt/data/HW/Allwiner/LicheePi-Zero_V3S/root/buildroot-2023.02/output/host/bin/arm-none-linux-gnueabihf-gcc -c -D_LARGEFILE_SOURCE -D_LARGEFILE64_SOURCE -D_FILE_OFFSET_BITS=64  -Os -g0 -D_FORTIFY_SOURCE=1 -D_LARGEFILE_SOURCE -D_LARGEFILE64_SOURCE -D_FILE_OFFSET_BITS=64 conftest.c >&5
configure:7689: $? = 0
configure:7689: result: yes
configure:7689: checking for inttypes.h
configure:7689: /mnt/data/HW/Allwiner/LicheePi-Zero_V3S/root/buildroot-2023.02/output/host/bin/arm-none-linux-gnueabihf-gcc -c -D_LARGEFILE_SOURCE -D_LARGEFILE64_SOURCE -D_FILE_OFFSET_BITS=64  -Os -g0 -D_FORTIFY_SOURCE=1 -D_LARGEFILE_SOURCE -D_LARGEFILE64_SOURCE -D_FILE_OFFSET_BITS=64 conftest.c >&5
configure:7689: $? = 0
configure:7689: result: yes
configure:7689: checking for stdint.h
configure:7689: /mnt/data/HW/Allwiner/LicheePi-Zero_V3S/root/buildroot-2023.02/output/host/bin/arm-none-linux-gnueabihf-gcc -c -D_LARGEFILE_SOURCE -D_LARGEFILE64_SOURCE -D_FILE_OFFSET_BITS=64  -Os -g0 -D_FORTIFY_SOURCE=1 -D_LARGEFILE_SOURCE -D_LARGEFILE64_SOURCE -D_FILE_OFFSET_BITS=64 conftest.c >&5
configure:7689: $? = 0
configure:7689: result: yes
configure:7689: checking for unistd.h
configure:7689: /mnt/data/HW/Allwiner/LicheePi-Zero_V3S/root/buildroot-2023.02/output/host/bin/arm-none-linux-gnueabihf-gcc -c -D_LARGEFILE_SOURCE -D_LARGEFILE64_SOURCE -D_FILE_OFFSET_BITS=64  -Os -g0 -D_FORTIFY_SOURCE=1 -D_LARGEFILE_SOURCE -D_LARGEFILE64_SOURCE -D_FILE_OFFSET_BITS=64 conftest.c >&5
configure:7689: $? = 0
configure:7689: result: yes
configure:7703: checking for dlfcn.h
configure:7703: /mnt/data/HW/Allwiner/LicheePi-Zero_V3S/root/buildroot-2023.02/output/host/bin/arm-none-linux-gnueabihf-gcc -c -D_LARGEFILE_SOURCE -D_LARGEFILE64_SOURCE -D_FILE_OFFSET_BITS=64  -Os -g0 -D_FORTIFY_SOURCE=1 -D_LARGEFILE_SOURCE -D_LARGEFILE64_SOURCE -D_FILE_OFFSET_BITS=64 conftest.c >&5
configure:7703: $? = 0
configure:7703: result: yes
configure:8256: checking for objdir
configure:8271: result: .libs
configure:8535: checking if /mnt/data/HW/Allwiner/LicheePi-Zero_V3S/root/buildroot-2023.02/output/host/bin/arm-none-linux-gnueabihf-gcc supports -fno-rtti -fno-exceptions
configure:8553: /mnt/data/HW/Allwiner/LicheePi-Zero_V3S/root/buildroot-2023.02/output/host/bin/arm-none-linux-gnueabihf-gcc -c -D_LARGEFILE_SOURCE -D_LARGEFILE64_SOURCE -D_FILE_OFFSET_BITS=64  -Os -g0 -D_FORTIFY_SOURCE=1 -D_LARGEFILE_SOURCE -D_LARGEFILE64_SOURCE -D_FILE_OFFSET_BITS=64 -fno-rtti -fno-exceptions conftest.c >&5
cc1: warning: command-line option '-fno-rtti' is valid for C++/D/ObjC++ but not for C
configure:8557: $? = 0
configure:8570: result: no
configure:8928: checking for /mnt/data/HW/Allwiner/LicheePi-Zero_V3S/root/buildroot-2023.02/output/host/bin/arm-none-linux-gnueabihf-gcc option to produce PIC
configure:8935: result: -fPIC -DPIC
configure:8943: checking if /mnt/data/HW/Allwiner/LicheePi-Zero_V3S/root/buildroot-2023.02/output/host/bin/arm-none-linux-gnueabihf-gcc PIC flag -fPIC -DPIC works
configure:8961: /mnt/data/HW/Allwiner/LicheePi-Zero_V3S/root/buildroot-2023.02/output/host/bin/arm-none-linux-gnueabihf-gcc -c -D_LARGEFILE_SOURCE -D_LARGEFILE64_SOURCE -D_FILE_OFFSET_BITS=64  -Os -g0 -D_FORTIFY_SOURCE=1 -D_LARGEFILE_SOURCE -D_LARGEFILE64_SOURCE -D_FILE_OFFSET_BITS=64 -fPIC -DPIC -DPIC conftest.c >&5
configure:8965: $? = 0
configure:8978: result: yes
configure:9007: checking if /mnt/data/HW/Allwiner/LicheePi-Zero_V3S/root/buildroot-2023.02/output/host/bin/arm-none-linux-gnueabihf-gcc static flag -static works
configure:9035: result: yes
configure:9050: checking if /mnt/data/HW/Allwiner/LicheePi-Zero_V3S/root/buildroot-2023.02/output/host/bin/arm-none-linux-gnueabihf-gcc supports -c -o file.o
configure:9071: /mnt/data/HW/Allwiner/LicheePi-Zero_V3S/root/buildroot-2023.02/output/host/bin/arm-none-linux-gnueabihf-gcc -c -D_LARGEFILE_SOURCE -D_LARGEFILE64_SOURCE -D_FILE_OFFSET_BITS=64  -Os -g0 -D_FORTIFY_SOURCE=1 -D_LARGEFILE_SOURCE -D_LARGEFILE64_SOURCE -D_FILE_OFFSET_BITS=64 -o out/conftest2.o conftest.c >&5
configure:9075: $? = 0
configure:9097: result: yes
configure:9105: checking if /mnt/data/HW/Allwiner/LicheePi-Zero_V3S/root/buildroot-2023.02/output/host/bin/arm-none-linux-gnueabihf-gcc supports -c -o file.o
configure:9152: result: yes
configure:9185: checking whether the /mnt/data/HW/Allwiner/LicheePi-Zero_V3S/root/buildroot-2023.02/output/host/bin/arm-none-linux-gnueabihf-gcc linker (/mnt/data/HW/Allwiner/LicheePi-Zero_V3S/root/buildroot-2023.02/output/host/bin/arm-none-linux-gnueabihf-ld) supports shared libraries
configure:10444: result: yes
configure:10481: checking whether -lc should be explicitly linked in
configure:10489: /mnt/data/HW/Allwiner/LicheePi-Zero_V3S/root/buildroot-2023.02/output/host/bin/arm-none-linux-gnueabihf-gcc -c -D_LARGEFILE_SOURCE -D_LARGEFILE64_SOURCE -D_FILE_OFFSET_BITS=64  -Os -g0 -D_FORTIFY_SOURCE=1 -D_LARGEFILE_SOURCE -D_LARGEFILE64_SOURCE -D_FILE_OFFSET_BITS=64 conftest.c >&5
configure:10492: $? = 0
configure:10507: /mnt/data/HW/Allwiner/LicheePi-Zero_V3S/root/buildroot-2023.02/output/host/bin/arm-none-linux-gnueabihf-gcc -shared  -fPIC -DPIC conftest.o  -v -Wl,-soname -Wl,conftest -o conftest 2\>\&1 \| /usr/bin/grep  -lc  \>/dev/null 2\>\&1
configure:10510: $? = 0
configure:10524: result: no
configure:10684: checking dynamic linker characteristics
configure:11265: /mnt/data/HW/Allwiner/LicheePi-Zero_V3S/root/buildroot-2023.02/output/host/bin/arm-none-linux-gnueabihf-gcc -o conftest -D_LARGEFILE_SOURCE -D_LARGEFILE64_SOURCE -D_FILE_OFFSET_BITS=64  -Os -g0 -D_FORTIFY_SOURCE=1 -D_LARGEFILE_SOURCE -D_LARGEFILE64_SOURCE -D_FILE_OFFSET_BITS=64  -Wl,-rpath -Wl,/foo conftest.c  >&5
configure:11265: $? = 0
configure:11502: result: GNU/Linux ld.so
configure:11624: checking how to hardcode library paths into programs
configure:11649: result: immediate
configure:11751: checking for shl_load
configure:11751: /mnt/data/HW/Allwiner/LicheePi-Zero_V3S/root/buildroot-2023.02/output/host/bin/arm-none-linux-gnueabihf-gcc -o conftest -D_LARGEFILE_SOURCE -D_LARGEFILE64_SOURCE -D_FILE_OFFSET_BITS=64  -Os -g0 -D_FORTIFY_SOURCE=1 -D_LARGEFILE_SOURCE -D_LARGEFILE64_SOURCE -D_FILE_OFFSET_BITS=64  conftest.c  >&5
/mnt/data/HW/Allwiner/LicheePi-Zero_V3S/root/buildroot-2023.02/output/host/opt/ext-toolchain/bin/../lib/gcc/arm-none-linux-gnueabihf/10.3.1/../../../../arm-none-linux-gnueabihf/bin/ld: /tmp/cc4g5Qwx.o: in function `main':
conftest.c:(.text.startup+0x4): undefined reference to `shl_load'
collect2: error: ld returned 1 exit status
configure:11751: $? = 1
configure: failed program was:
| /* confdefs.h */
| #define PACKAGE_NAME "libltdl"
| #define PACKAGE_TARNAME "libltdl"
| #define PACKAGE_VERSION "2.4.3a"
| #define PACKAGE_STRING "libltdl 2.4.3a"
| #define PACKAGE_BUGREPORT "bug-libtool@gnu.org"
| #define PACKAGE_URL ""
| #define PACKAGE "libltdl"
| #define VERSION "2.4.3a"
| #define STDC_HEADERS 1
| #define HAVE_SYS_TYPES_H 1
| #define HAVE_SYS_STAT_H 1
| #define HAVE_STDLIB_H 1
| #define HAVE_STRING_H 1
| #define HAVE_MEMORY_H 1
| #define HAVE_STRINGS_H 1
| #define HAVE_INTTYPES_H 1
| #define HAVE_STDINT_H 1
| #define HAVE_UNISTD_H 1
| #define HAVE_DLFCN_H 1
| #define LT_OBJDIR ".libs/"
| /* end confdefs.h.  */
| /* Define shl_load to an innocuous variant, in case <limits.h> declares shl_load.
|    For example, HP-UX 11i <limits.h> declares gettimeofday.  */
| #define shl_load innocuous_shl_load
| 
| /* System header to define __stub macros and hopefully few prototypes,
|     which can conflict with char shl_load (); below.
|     Prefer <limits.h> to <assert.h> if __STDC__ is defined, since
|     <limits.h> exists even on freestanding compilers.  */
| 
| #ifdef __STDC__
| # include <limits.h>
| #else
| # include <assert.h>
| #endif
| 
| #undef shl_load
| 
| /* Override any GCC internal prototype to avoid an error.
|    Use char because int might match the return type of a GCC
|    builtin and then its argument prototype would still apply.  */
| #ifdef __cplusplus
| extern "C"
| #endif
| char shl_load ();
| /* The GNU C library defines this for functions which it implements
|     to always fail with ENOSYS.  Some functions are actually named
|     something starting with __ and the normal name is an alias.  */
| #if defined __stub_shl_load || defined __stub___shl_load
| choke me
| #endif
| 
| int
| main ()
| {
| return shl_load ();
|   ;
|   return 0;
| }
configure:11751: result: no
configure:11755: checking for shl_load in -ldld
configure:11780: /mnt/data/HW/Allwiner/LicheePi-Zero_V3S/root/buildroot-2023.02/output/host/bin/arm-none-linux-gnueabihf-gcc -o conftest -D_LARGEFILE_SOURCE -D_LARGEFILE64_SOURCE -D_FILE_OFFSET_BITS=64  -Os -g0 -D_FORTIFY_SOURCE=1 -D_LARGEFILE_SOURCE -D_LARGEFILE64_SOURCE -D_FILE_OFFSET_BITS=64  conftest.c -ldld   >&5
/mnt/data/HW/Allwiner/LicheePi-Zero_V3S/root/buildroot-2023.02/output/host/opt/ext-toolchain/bin/../lib/gcc/arm-none-linux-gnueabihf/10.3.1/../../../../arm-none-linux-gnueabihf/bin/ld: cannot find -ldld
collect2: error: ld returned 1 exit status
configure:11780: $? = 1
configure: failed program was:
| /* confdefs.h */
| #define PACKAGE_NAME "libltdl"
| #define PACKAGE_TARNAME "libltdl"
| #define PACKAGE_VERSION "2.4.3a"
| #define PACKAGE_STRING "libltdl 2.4.3a"
| #define PACKAGE_BUGREPORT "bug-libtool@gnu.org"
| #define PACKAGE_URL ""
| #define PACKAGE "libltdl"
| #define VERSION "2.4.3a"
| #define STDC_HEADERS 1
| #define HAVE_SYS_TYPES_H 1
| #define HAVE_SYS_STAT_H 1
| #define HAVE_STDLIB_H 1
| #define HAVE_STRING_H 1
| #define HAVE_MEMORY_H 1
| #define HAVE_STRINGS_H 1
| #define HAVE_INTTYPES_H 1
| #define HAVE_STDINT_H 1
| #define HAVE_UNISTD_H 1
| #define HAVE_DLFCN_H 1
| #define LT_OBJDIR ".libs/"
| /* end confdefs.h.  */
| 
| /* Override any GCC internal prototype to avoid an error.
|    Use char because int might match the return type of a GCC
|    builtin and then its argument prototype would still apply.  */
| #ifdef __cplusplus
| extern "C"
| #endif
| char shl_load ();
| int
| main ()
| {
| return shl_load ();
|   ;
|   return 0;
| }
configure:11789: result: no
configure:11794: checking for dlopen
configure:11794: /mnt/data/HW/Allwiner/LicheePi-Zero_V3S/root/buildroot-2023.02/output/host/bin/arm-none-linux-gnueabihf-gcc -o conftest -D_LARGEFILE_SOURCE -D_LARGEFILE64_SOURCE -D_FILE_OFFSET_BITS=64  -Os -g0 -D_FORTIFY_SOURCE=1 -D_LARGEFILE_SOURCE -D_LARGEFILE64_SOURCE -D_FILE_OFFSET_BITS=64  conftest.c  >&5
/mnt/data/HW/Allwiner/LicheePi-Zero_V3S/root/buildroot-2023.02/output/host/opt/ext-toolchain/bin/../lib/gcc/arm-none-linux-gnueabihf/10.3.1/../../../../arm-none-linux-gnueabihf/bin/ld: /tmp/ccShf8OJ.o: in function `main':
conftest.c:(.text.startup+0x4): undefined reference to `dlopen'
collect2: error: ld returned 1 exit status
configure:11794: $? = 1
configure: failed program was:
| /* confdefs.h */
| #define PACKAGE_NAME "libltdl"
| #define PACKAGE_TARNAME "libltdl"
| #define PACKAGE_VERSION "2.4.3a"
| #define PACKAGE_STRING "libltdl 2.4.3a"
| #define PACKAGE_BUGREPORT "bug-libtool@gnu.org"
| #define PACKAGE_URL ""
| #define PACKAGE "libltdl"
| #define VERSION "2.4.3a"
| #define STDC_HEADERS 1
| #define HAVE_SYS_TYPES_H 1
| #define HAVE_SYS_STAT_H 1
| #define HAVE_STDLIB_H 1
| #define HAVE_STRING_H 1
| #define HAVE_MEMORY_H 1
| #define HAVE_STRINGS_H 1
| #define HAVE_INTTYPES_H 1
| #define HAVE_STDINT_H 1
| #define HAVE_UNISTD_H 1
| #define HAVE_DLFCN_H 1
| #define LT_OBJDIR ".libs/"
| /* end confdefs.h.  */
| /* Define dlopen to an innocuous variant, in case <limits.h> declares dlopen.
|    For example, HP-UX 11i <limits.h> declares gettimeofday.  */
| #define dlopen innocuous_dlopen
| 
| /* System header to define __stub macros and hopefully few prototypes,
|     which can conflict with char dlopen (); below.
|     Prefer <limits.h> to <assert.h> if __STDC__ is defined, since
|     <limits.h> exists even on freestanding compilers.  */
| 
| #ifdef __STDC__
| # include <limits.h>
| #else
| # include <assert.h>
| #endif
| 
| #undef dlopen
| 
| /* Override any GCC internal prototype to avoid an error.
|    Use char because int might match the return type of a GCC
|    builtin and then its argument prototype would still apply.  */
| #ifdef __cplusplus
| extern "C"
| #endif
| char dlopen ();
| /* The GNU C library defines this for functions which it implements
|     to always fail with ENOSYS.  Some functions are actually named
|     something starting with __ and the normal name is an alias.  */
| #if defined __stub_dlopen || defined __stub___dlopen
| choke me
| #endif
| 
| int
| main ()
| {
| return dlopen ();
|   ;
|   return 0;
| }
configure:11794: result: no
configure:11798: checking for dlopen in -ldl
configure:11823: /mnt/data/HW/Allwiner/LicheePi-Zero_V3S/root/buildroot-2023.02/output/host/bin/arm-none-linux-gnueabihf-gcc -o conftest -D_LARGEFILE_SOURCE -D_LARGEFILE64_SOURCE -D_FILE_OFFSET_BITS=64  -Os -g0 -D_FORTIFY_SOURCE=1 -D_LARGEFILE_SOURCE -D_LARGEFILE64_SOURCE -D_FILE_OFFSET_BITS=64  conftest.c -ldl   >&5
configure:11823: $? = 0
configure:11832: result: yes
configure:11951: checking whether a program can dlopen itself
configure:12052: result: cross
configure:12197: checking whether stripping libraries is possible
configure:12202: result: yes
configure:12237: checking if libtool supports shared libraries
configure:12239: result: yes
configure:12242: checking whether to build shared libraries
configure:12267: result: yes
configure:12270: checking whether to build static libraries
configure:12274: result: no
configure:12311: checking what extension is used for runtime loadable modules
configure:12323: result: .so
configure:12347: checking what variable specifies run-time module search path
configure:12354: result: LD_LIBRARY_PATH
configure:12364: checking for the default library search path
configure:12371: result: /lib /usr/lib /usr/lib/x86_64-linux-gnu/libfakeroot /usr/local/lib/i386-linux-gnu /lib/i386-linux-gnu /usr/lib/i386-linux-gnu /usr/local/lib/i686-linux-gnu /lib/i686-linux-gnu /usr/lib/i686-linux-gnu /usr/local/lib /usr/local/lib/x86_64-linux-gnu /lib/x86_64-linux-gnu /usr/lib/x86_64-linux-gnu /lib32 /usr/lib32 /libx32 /usr/libx32 
configure:12402: checking for library containing dlopen
configure:12433: /mnt/data/HW/Allwiner/LicheePi-Zero_V3S/root/buildroot-2023.02/output/host/bin/arm-none-linux-gnueabihf-gcc -o conftest -D_LARGEFILE_SOURCE -D_LARGEFILE64_SOURCE -D_FILE_OFFSET_BITS=64  -Os -g0 -D_FORTIFY_SOURCE=1 -D_LARGEFILE_SOURCE -D_LARGEFILE64_SOURCE -D_FILE_OFFSET_BITS=64  conftest.c  >&5
/mnt/data/HW/Allwiner/LicheePi-Zero_V3S/root/buildroot-2023.02/output/host/opt/ext-toolchain/bin/../lib/gcc/arm-none-linux-gnueabihf/10.3.1/../../../../arm-none-linux-gnueabihf/bin/ld: /tmp/cchwoEuy.o: in function `main':
conftest.c:(.text.startup+0x4): undefined reference to `dlopen'
collect2: error: ld returned 1 exit status
configure:12433: $? = 1
configure: failed program was:
| /* confdefs.h */
| #define PACKAGE_NAME "libltdl"
| #define PACKAGE_TARNAME "libltdl"
| #define PACKAGE_VERSION "2.4.3a"
| #define PACKAGE_STRING "libltdl 2.4.3a"
| #define PACKAGE_BUGREPORT "bug-libtool@gnu.org"
| #define PACKAGE_URL ""
| #define PACKAGE "libltdl"
| #define VERSION "2.4.3a"
| #define STDC_HEADERS 1
| #define HAVE_SYS_TYPES_H 1
| #define HAVE_SYS_STAT_H 1
| #define HAVE_STDLIB_H 1
| #define HAVE_STRING_H 1
| #define HAVE_MEMORY_H 1
| #define HAVE_STRINGS_H 1
| #define HAVE_INTTYPES_H 1
| #define HAVE_STDINT_H 1
| #define HAVE_UNISTD_H 1
| #define HAVE_DLFCN_H 1
| #define LT_OBJDIR ".libs/"
| #define LT_MODULE_EXT ".so"
| #define LT_MODULE_PATH_VAR "LD_LIBRARY_PATH"
| #define LT_DLSEARCH_PATH "/lib:/usr/lib:/usr/lib/x86_64-linux-gnu/libfakeroot:/usr/local/lib/i386-linux-gnu:/lib/i386-linux-gnu:/usr/lib/i386-linux-gnu:/usr/local/lib/i686-linux-gnu:/lib/i686-linux-gnu:/usr/lib/i686-linux-gnu:/usr/local/lib:/usr/local/lib/x86_64-linux-gnu:/lib/x86_64-linux-gnu:/usr/lib/x86_64-linux-gnu:/lib32:/usr/lib32:/libx32:/usr/libx32"
| /* end confdefs.h.  */
| 
| /* Override any GCC internal prototype to avoid an error.
|    Use char because int might match the return type of a GCC
|    builtin and then its argument prototype would still apply.  */
| #ifdef __cplusplus
| extern "C"
| #endif
| char dlopen ();
| int
| main ()
| {
| return dlopen ();
|   ;
|   return 0;
| }
configure:12433: /mnt/data/HW/Allwiner/LicheePi-Zero_V3S/root/buildroot-2023.02/output/host/bin/arm-none-linux-gnueabihf-gcc -o conftest -D_LARGEFILE_SOURCE -D_LARGEFILE64_SOURCE -D_FILE_OFFSET_BITS=64  -Os -g0 -D_FORTIFY_SOURCE=1 -D_LARGEFILE_SOURCE -D_LARGEFILE64_SOURCE -D_FILE_OFFSET_BITS=64  conftest.c -ldl   >&5
configure:12433: $? = 0
configure:12450: result: -ldl
configure:12540: checking for dlerror
configure:12540: /mnt/data/HW/Allwiner/LicheePi-Zero_V3S/root/buildroot-2023.02/output/host/bin/arm-none-linux-gnueabihf-gcc -o conftest -D_LARGEFILE_SOURCE -D_LARGEFILE64_SOURCE -D_FILE_OFFSET_BITS=64  -Os -g0 -D_FORTIFY_SOURCE=1 -D_LARGEFILE_SOURCE -D_LARGEFILE64_SOURCE -D_FILE_OFFSET_BITS=64  conftest.c -ldl  -ldl >&5
configure:12540: $? = 0
configure:12540: result: yes
configure:12554: checking for shl_load
configure:12554: result: no
configure:12561: checking for shl_load in -ldld
configure:12595: result: no
configure:12641: checking for dld_link in -ldld
configure:12666: /mnt/data/HW/Allwiner/LicheePi-Zero_V3S/root/buildroot-2023.02/output/host/bin/arm-none-linux-gnueabihf-gcc -o conftest -D_LARGEFILE_SOURCE -D_LARGEFILE64_SOURCE -D_FILE_OFFSET_BITS=64  -Os -g0 -D_FORTIFY_SOURCE=1 -D_LARGEFILE_SOURCE -D_LARGEFILE64_SOURCE -D_FILE_OFFSET_BITS=64  conftest.c -ldld  -ldl  >&5
/mnt/data/HW/Allwiner/LicheePi-Zero_V3S/root/buildroot-2023.02/output/host/opt/ext-toolchain/bin/../lib/gcc/arm-none-linux-gnueabihf/10.3.1/../../../../arm-none-linux-gnueabihf/bin/ld: cannot find -ldld
collect2: error: ld returned 1 exit status
configure:12666: $? = 1
configure: failed program was:
| /* confdefs.h */
| #define PACKAGE_NAME "libltdl"
| #define PACKAGE_TARNAME "libltdl"
| #define PACKAGE_VERSION "2.4.3a"
| #define PACKAGE_STRING "libltdl 2.4.3a"
| #define PACKAGE_BUGREPORT "bug-libtool@gnu.org"
| #define PACKAGE_URL ""
| #define PACKAGE "libltdl"
| #define VERSION "2.4.3a"
| #define STDC_HEADERS 1
| #define HAVE_SYS_TYPES_H 1
| #define HAVE_SYS_STAT_H 1
| #define HAVE_STDLIB_H 1
| #define HAVE_STRING_H 1
| #define HAVE_MEMORY_H 1
| #define HAVE_STRINGS_H 1
| #define HAVE_INTTYPES_H 1
| #define HAVE_STDINT_H 1
| #define HAVE_UNISTD_H 1
| #define HAVE_DLFCN_H 1
| #define LT_OBJDIR ".libs/"
| #define LT_MODULE_EXT ".so"
| #define LT_MODULE_PATH_VAR "LD_LIBRARY_PATH"
| #define LT_DLSEARCH_PATH "/lib:/usr/lib:/usr/lib/x86_64-linux-gnu/libfakeroot:/usr/local/lib/i386-linux-gnu:/lib/i386-linux-gnu:/usr/lib/i386-linux-gnu:/usr/local/lib/i686-linux-gnu:/lib/i686-linux-gnu:/usr/lib/i686-linux-gnu:/usr/local/lib:/usr/local/lib/x86_64-linux-gnu:/lib/x86_64-linux-gnu:/usr/lib/x86_64-linux-gnu:/lib32:/usr/lib32:/libx32:/usr/libx32"
| #define HAVE_LIBDL 1
| #define HAVE_DLERROR 1
| /* end confdefs.h.  */
| 
| /* Override any GCC internal prototype to avoid an error.
|    Use char because int might match the return type of a GCC
|    builtin and then its argument prototype would still apply.  */
| #ifdef __cplusplus
| extern "C"
| #endif
| char dld_link ();
| int
| main ()
| {
| return dld_link ();
|   ;
|   return 0;
| }
configure:12675: result: no
configure:12710: checking for _ prefix in compiled symbols
configure:12720: /mnt/data/HW/Allwiner/LicheePi-Zero_V3S/root/buildroot-2023.02/output/host/bin/arm-none-linux-gnueabihf-gcc -c -D_LARGEFILE_SOURCE -D_LARGEFILE64_SOURCE -D_FILE_OFFSET_BITS=64  -Os -g0 -D_FORTIFY_SOURCE=1 -D_LARGEFILE_SOURCE -D_LARGEFILE64_SOURCE -D_FILE_OFFSET_BITS=64 conftest.c >&5
configure:12723: $? = 0
configure:12727: /mnt/data/HW/Allwiner/LicheePi-Zero_V3S/root/buildroot-2023.02/output/host/bin/arm-none-linux-gnueabihf-gcc-nm conftest.o \| sed -n -e 's/^.*[	 ]\([ABCDGIRSTW][ABCDGIRSTW]*\)[	 ][	 ]*\([_A-Za-z][_A-Za-z0-9]*\)$/\1 \2 \2/p' | sed '/ __gnu_lto/d' \> conftest.nm
configure:12730: $? = 0
configure:12752: result: no
configure:12869: checking whether deplibs are loaded by dlopen
configure:12966: result: yes
configure:12977: checking for argz.h
configure:12977: /mnt/data/HW/Allwiner/LicheePi-Zero_V3S/root/buildroot-2023.02/output/host/bin/arm-none-linux-gnueabihf-gcc -c -D_LARGEFILE_SOURCE -D_LARGEFILE64_SOURCE -D_FILE_OFFSET_BITS=64  -Os -g0 -D_FORTIFY_SOURCE=1 -D_LARGEFILE_SOURCE -D_LARGEFILE64_SOURCE -D_FILE_OFFSET_BITS=64 conftest.c >&5
configure:12977: $? = 0
configure:12977: result: yes
configure:12989: checking for error_t
configure:12989: /mnt/data/HW/Allwiner/LicheePi-Zero_V3S/root/buildroot-2023.02/output/host/bin/arm-none-linux-gnueabihf-gcc -c -D_LARGEFILE_SOURCE -D_LARGEFILE64_SOURCE -D_FILE_OFFSET_BITS=64  -Os -g0 -D_FORTIFY_SOURCE=1 -D_LARGEFILE_SOURCE -D_LARGEFILE64_SOURCE -D_FILE_OFFSET_BITS=64 conftest.c >&5
configure:12989: $? = 0
configure:12989: /mnt/data/HW/Allwiner/LicheePi-Zero_V3S/root/buildroot-2023.02/output/host/bin/arm-none-linux-gnueabihf-gcc -c -D_LARGEFILE_SOURCE -D_LARGEFILE64_SOURCE -D_FILE_OFFSET_BITS=64  -Os -g0 -D_FORTIFY_SOURCE=1 -D_LARGEFILE_SOURCE -D_LARGEFILE64_SOURCE -D_FILE_OFFSET_BITS=64 conftest.c >&5
conftest.c: In function 'main':
conftest.c:37:22: error: expected expression before ')' token
   37 | if (sizeof ((error_t)))
      |                      ^
configure:12989: $? = 1
configure: failed program was:
| /* confdefs.h */
| #define PACKAGE_NAME "libltdl"
| #define PACKAGE_TARNAME "libltdl"
| #define PACKAGE_VERSION "2.4.3a"
| #define PACKAGE_STRING "libltdl 2.4.3a"
| #define PACKAGE_BUGREPORT "bug-libtool@gnu.org"
| #define PACKAGE_URL ""
| #define PACKAGE "libltdl"
| #define VERSION "2.4.3a"
| #define STDC_HEADERS 1
| #define HAVE_SYS_TYPES_H 1
| #define HAVE_SYS_STAT_H 1
| #define HAVE_STDLIB_H 1
| #define HAVE_STRING_H 1
| #define HAVE_MEMORY_H 1
| #define HAVE_STRINGS_H 1
| #define HAVE_INTTYPES_H 1
| #define HAVE_STDINT_H 1
| #define HAVE_UNISTD_H 1
| #define HAVE_DLFCN_H 1
| #define LT_OBJDIR ".libs/"
| #define LT_MODULE_EXT ".so"
| #define LT_MODULE_PATH_VAR "LD_LIBRARY_PATH"
| #define LT_DLSEARCH_PATH "/lib:/usr/lib:/usr/lib/x86_64-linux-gnu/libfakeroot:/usr/local/lib/i386-linux-gnu:/lib/i386-linux-gnu:/usr/lib/i386-linux-gnu:/usr/local/lib/i686-linux-gnu:/lib/i686-linux-gnu:/usr/lib/i686-linux-gnu:/usr/local/lib:/usr/local/lib/x86_64-linux-gnu:/lib/x86_64-linux-gnu:/usr/lib/x86_64-linux-gnu:/lib32:/usr/lib32:/libx32:/usr/libx32"
| #define HAVE_LIBDL 1
| #define HAVE_DLERROR 1
| #define HAVE_LIBDLLOADER 1
| #define HAVE_ARGZ_H 1
| /* end confdefs.h.  */
| #if defined(HAVE_ARGZ_H)
| #  include <argz.h>
| #endif
| 
| int
| main ()
| {
| if (sizeof ((error_t)))
| 	    return 0;
|   ;
|   return 0;
| }
configure:12989: result: yes
configure:13015: checking for argz_add
configure:13015: /mnt/data/HW/Allwiner/LicheePi-Zero_V3S/root/buildroot-2023.02/output/host/bin/arm-none-linux-gnueabihf-gcc -o conftest -D_LARGEFILE_SOURCE -D_LARGEFILE64_SOURCE -D_FILE_OFFSET_BITS=64  -Os -g0 -D_FORTIFY_SOURCE=1 -D_LARGEFILE_SOURCE -D_LARGEFILE64_SOURCE -D_FILE_OFFSET_BITS=64  conftest.c  >&5
configure:13015: $? = 0
configure:13015: result: yes
configure:13015: checking for argz_append
configure:13015: /mnt/data/HW/Allwiner/LicheePi-Zero_V3S/root/buildroot-2023.02/output/host/bin/arm-none-linux-gnueabihf-gcc -o conftest -D_LARGEFILE_SOURCE -D_LARGEFILE64_SOURCE -D_FILE_OFFSET_BITS=64  -Os -g0 -D_FORTIFY_SOURCE=1 -D_LARGEFILE_SOURCE -D_LARGEFILE64_SOURCE -D_FILE_OFFSET_BITS=64  conftest.c  >&5
configure:13015: $? = 0
configure:13015: result: yes
configure:13015: checking for argz_count
configure:13015: /mnt/data/HW/Allwiner/LicheePi-Zero_V3S/root/buildroot-2023.02/output/host/bin/arm-none-linux-gnueabihf-gcc -o conftest -D_LARGEFILE_SOURCE -D_LARGEFILE64_SOURCE -D_FILE_OFFSET_BITS=64  -Os -g0 -D_FORTIFY_SOURCE=1 -D_LARGEFILE_SOURCE -D_LARGEFILE64_SOURCE -D_FILE_OFFSET_BITS=64  conftest.c  >&5
configure:13015: $? = 0
configure:13015: result: yes
configure:13015: checking for argz_create_sep
configure:13015: /mnt/data/HW/Allwiner/LicheePi-Zero_V3S/root/buildroot-2023.02/output/host/bin/arm-none-linux-gnueabihf-gcc -o conftest -D_LARGEFILE_SOURCE -D_LARGEFILE64_SOURCE -D_FILE_OFFSET_BITS=64  -Os -g0 -D_FORTIFY_SOURCE=1 -D_LARGEFILE_SOURCE -D_LARGEFILE64_SOURCE -D_FILE_OFFSET_BITS=64  conftest.c  >&5
configure:13015: $? = 0
configure:13015: result: yes
configure:13015: checking for argz_insert
configure:13015: /mnt/data/HW/Allwiner/LicheePi-Zero_V3S/root/buildroot-2023.02/output/host/bin/arm-none-linux-gnueabihf-gcc -o conftest -D_LARGEFILE_SOURCE -D_LARGEFILE64_SOURCE -D_FILE_OFFSET_BITS=64  -Os -g0 -D_FORTIFY_SOURCE=1 -D_LARGEFILE_SOURCE -D_LARGEFILE64_SOURCE -D_FILE_OFFSET_BITS=64  conftest.c  >&5
configure:13015: $? = 0
configure:13015: result: yes
configure:13015: checking for argz_next
configure:13015: /mnt/data/HW/Allwiner/LicheePi-Zero_V3S/root/buildroot-2023.02/output/host/bin/arm-none-linux-gnueabihf-gcc -o conftest -D_LARGEFILE_SOURCE -D_LARGEFILE64_SOURCE -D_FILE_OFFSET_BITS=64  -Os -g0 -D_FORTIFY_SOURCE=1 -D_LARGEFILE_SOURCE -D_LARGEFILE64_SOURCE -D_FILE_OFFSET_BITS=64  conftest.c  >&5
configure:13015: $? = 0
configure:13015: result: yes
configure:13015: checking for argz_stringify
configure:13015: /mnt/data/HW/Allwiner/LicheePi-Zero_V3S/root/buildroot-2023.02/output/host/bin/arm-none-linux-gnueabihf-gcc -o conftest -D_LARGEFILE_SOURCE -D_LARGEFILE64_SOURCE -D_FILE_OFFSET_BITS=64  -Os -g0 -D_FORTIFY_SOURCE=1 -D_LARGEFILE_SOURCE -D_LARGEFILE64_SOURCE -D_FILE_OFFSET_BITS=64  conftest.c  >&5
configure:13015: $? = 0
configure:13015: result: yes
configure:13033: checking if argz actually works
configure:13064: result: yes
configure:13083: checking whether libtool supports -dlopen/-dlpreopen
configure:13095: result: yes
configure:13148: checking for unistd.h
configure:13148: result: yes
configure:13148: checking for dl.h
configure:13148: /mnt/data/HW/Allwiner/LicheePi-Zero_V3S/root/buildroot-2023.02/output/host/bin/arm-none-linux-gnueabihf-gcc -c -D_LARGEFILE_SOURCE -D_LARGEFILE64_SOURCE -D_FILE_OFFSET_BITS=64  -Os -g0 -D_FORTIFY_SOURCE=1 -D_LARGEFILE_SOURCE -D_LARGEFILE64_SOURCE -D_FILE_OFFSET_BITS=64 conftest.c >&5
conftest.c:75:10: fatal error: dl.h: No such file or directory
   75 | #include <dl.h>
      |          ^~~~~~
compilation terminated.
configure:13148: $? = 1
configure: failed program was:
| /* confdefs.h */
| #define PACKAGE_NAME "libltdl"
| #define PACKAGE_TARNAME "libltdl"
| #define PACKAGE_VERSION "2.4.3a"
| #define PACKAGE_STRING "libltdl 2.4.3a"
| #define PACKAGE_BUGREPORT "bug-libtool@gnu.org"
| #define PACKAGE_URL ""
| #define PACKAGE "libltdl"
| #define VERSION "2.4.3a"
| #define STDC_HEADERS 1
| #define HAVE_SYS_TYPES_H 1
| #define HAVE_SYS_STAT_H 1
| #define HAVE_STDLIB_H 1
| #define HAVE_STRING_H 1
| #define HAVE_MEMORY_H 1
| #define HAVE_STRINGS_H 1
| #define HAVE_INTTYPES_H 1
| #define HAVE_STDINT_H 1
| #define HAVE_UNISTD_H 1
| #define HAVE_DLFCN_H 1
| #define LT_OBJDIR ".libs/"
| #define LT_MODULE_EXT ".so"
| #define LT_MODULE_PATH_VAR "LD_LIBRARY_PATH"
| #define LT_DLSEARCH_PATH "/lib:/usr/lib:/usr/lib/x86_64-linux-gnu/libfakeroot:/usr/local/lib/i386-linux-gnu:/lib/i386-linux-gnu:/usr/lib/i386-linux-gnu:/usr/local/lib/i686-linux-gnu:/lib/i686-linux-gnu:/usr/lib/i686-linux-gnu:/usr/local/lib:/usr/local/lib/x86_64-linux-gnu:/lib/x86_64-linux-gnu:/usr/lib/x86_64-linux-gnu:/lib32:/usr/lib32:/libx32:/usr/libx32"
| #define HAVE_LIBDL 1
| #define HAVE_DLERROR 1
| #define HAVE_LIBDLLOADER 1
| #define HAVE_ARGZ_H 1
| #define HAVE_ERROR_T 1
| #define HAVE_ARGZ_ADD 1
| #define HAVE_ARGZ_APPEND 1
| #define HAVE_ARGZ_COUNT 1
| #define HAVE_ARGZ_CREATE_SEP 1
| #define HAVE_ARGZ_INSERT 1
| #define HAVE_ARGZ_NEXT 1
| #define HAVE_ARGZ_STRINGIFY 1
| #define HAVE_WORKING_ARGZ 1
| #define HAVE_PRELOADED_SYMBOLS 1
| #define HAVE_UNISTD_H 1
| /* end confdefs.h.  */
| #include <stdio.h>
| #ifdef HAVE_SYS_TYPES_H
| # include <sys/types.h>
| #endif
| #ifdef HAVE_SYS_STAT_H
| # include <sys/stat.h>
| #endif
| #ifdef STDC_HEADERS
| # include <stdlib.h>
| # include <stddef.h>
| #else
| # ifdef HAVE_STDLIB_H
| #  include <stdlib.h>
| # endif
| #endif
| #ifdef HAVE_STRING_H
| # if !defined STDC_HEADERS && defined HAVE_MEMORY_H
| #  include <memory.h>
| # endif
| # include <string.h>
| #endif
| #ifdef HAVE_STRINGS_H
| # include <strings.h>
| #endif
| #ifdef HAVE_INTTYPES_H
| # include <inttypes.h>
| #endif
| #ifdef HAVE_STDINT_H
| # include <stdint.h>
| #endif
| #ifdef HAVE_UNISTD_H
| # include <unistd.h>
| #endif
| 
| #include <dl.h>
configure:13148: result: no
configure:13148: checking for sys/dl.h
configure:13148: /mnt/data/HW/Allwiner/LicheePi-Zero_V3S/root/buildroot-2023.02/output/host/bin/arm-none-linux-gnueabihf-gcc -c -D_LARGEFILE_SOURCE -D_LARGEFILE64_SOURCE -D_FILE_OFFSET_BITS=64  -Os -g0 -D_FORTIFY_SOURCE=1 -D_LARGEFILE_SOURCE -D_LARGEFILE64_SOURCE -D_FILE_OFFSET_BITS=64 conftest.c >&5
conftest.c:75:10: fatal error: sys/dl.h: No such file or directory
   75 | #include <sys/dl.h>
      |          ^~~~~~~~~~
compilation terminated.
configure:13148: $? = 1
configure: failed program was:
| /* confdefs.h */
| #define PACKAGE_NAME "libltdl"
| #define PACKAGE_TARNAME "libltdl"
| #define PACKAGE_VERSION "2.4.3a"
| #define PACKAGE_STRING "libltdl 2.4.3a"
| #define PACKAGE_BUGREPORT "bug-libtool@gnu.org"
| #define PACKAGE_URL ""
| #define PACKAGE "libltdl"
| #define VERSION "2.4.3a"
| #define STDC_HEADERS 1
| #define HAVE_SYS_TYPES_H 1
| #define HAVE_SYS_STAT_H 1
| #define HAVE_STDLIB_H 1
| #define HAVE_STRING_H 1
| #define HAVE_MEMORY_H 1
| #define HAVE_STRINGS_H 1
| #define HAVE_INTTYPES_H 1
| #define HAVE_STDINT_H 1
| #define HAVE_UNISTD_H 1
| #define HAVE_DLFCN_H 1
| #define LT_OBJDIR ".libs/"
| #define LT_MODULE_EXT ".so"
| #define LT_MODULE_PATH_VAR "LD_LIBRARY_PATH"
| #define LT_DLSEARCH_PATH "/lib:/usr/lib:/usr/lib/x86_64-linux-gnu/libfakeroot:/usr/local/lib/i386-linux-gnu:/lib/i386-linux-gnu:/usr/lib/i386-linux-gnu:/usr/local/lib/i686-linux-gnu:/lib/i686-linux-gnu:/usr/lib/i686-linux-gnu:/usr/local/lib:/usr/local/lib/x86_64-linux-gnu:/lib/x86_64-linux-gnu:/usr/lib/x86_64-linux-gnu:/lib32:/usr/lib32:/libx32:/usr/libx32"
| #define HAVE_LIBDL 1
| #define HAVE_DLERROR 1
| #define HAVE_LIBDLLOADER 1
| #define HAVE_ARGZ_H 1
| #define HAVE_ERROR_T 1
| #define HAVE_ARGZ_ADD 1
| #define HAVE_ARGZ_APPEND 1
| #define HAVE_ARGZ_COUNT 1
| #define HAVE_ARGZ_CREATE_SEP 1
| #define HAVE_ARGZ_INSERT 1
| #define HAVE_ARGZ_NEXT 1
| #define HAVE_ARGZ_STRINGIFY 1
| #define HAVE_WORKING_ARGZ 1
| #define HAVE_PRELOADED_SYMBOLS 1
| #define HAVE_UNISTD_H 1
| /* end confdefs.h.  */
| #include <stdio.h>
| #ifdef HAVE_SYS_TYPES_H
| # include <sys/types.h>
| #endif
| #ifdef HAVE_SYS_STAT_H
| # include <sys/stat.h>
| #endif
| #ifdef STDC_HEADERS
| # include <stdlib.h>
| # include <stddef.h>
| #else
| # ifdef HAVE_STDLIB_H
| #  include <stdlib.h>
| # endif
| #endif
| #ifdef HAVE_STRING_H
| # if !defined STDC_HEADERS && defined HAVE_MEMORY_H
| #  include <memory.h>
| # endif
| # include <string.h>
| #endif
| #ifdef HAVE_STRINGS_H
| # include <strings.h>
| #endif
| #ifdef HAVE_INTTYPES_H
| # include <inttypes.h>
| #endif
| #ifdef HAVE_STDINT_H
| # include <stdint.h>
| #endif
| #ifdef HAVE_UNISTD_H
| # include <unistd.h>
| #endif
| 
| #include <sys/dl.h>
configure:13148: result: no
configure:13148: checking for dld.h
configure:13148: /mnt/data/HW/Allwiner/LicheePi-Zero_V3S/root/buildroot-2023.02/output/host/bin/arm-none-linux-gnueabihf-gcc -c -D_LARGEFILE_SOURCE -D_LARGEFILE64_SOURCE -D_FILE_OFFSET_BITS=64  -Os -g0 -D_FORTIFY_SOURCE=1 -D_LARGEFILE_SOURCE -D_LARGEFILE64_SOURCE -D_FILE_OFFSET_BITS=64 conftest.c >&5
conftest.c:75:10: fatal error: dld.h: No such file or directory
   75 | #include <dld.h>
      |          ^~~~~~~
compilation terminated.
configure:13148: $? = 1
configure: failed program was:
| /* confdefs.h */
| #define PACKAGE_NAME "libltdl"
| #define PACKAGE_TARNAME "libltdl"
| #define PACKAGE_VERSION "2.4.3a"
| #define PACKAGE_STRING "libltdl 2.4.3a"
| #define PACKAGE_BUGREPORT "bug-libtool@gnu.org"
| #define PACKAGE_URL ""
| #define PACKAGE "libltdl"
| #define VERSION "2.4.3a"
| #define STDC_HEADERS 1
| #define HAVE_SYS_TYPES_H 1
| #define HAVE_SYS_STAT_H 1
| #define HAVE_STDLIB_H 1
| #define HAVE_STRING_H 1
| #define HAVE_MEMORY_H 1
| #define HAVE_STRINGS_H 1
| #define HAVE_INTTYPES_H 1
| #define HAVE_STDINT_H 1
| #define HAVE_UNISTD_H 1
| #define HAVE_DLFCN_H 1
| #define LT_OBJDIR ".libs/"
| #define LT_MODULE_EXT ".so"
| #define LT_MODULE_PATH_VAR "LD_LIBRARY_PATH"
| #define LT_DLSEARCH_PATH "/lib:/usr/lib:/usr/lib/x86_64-linux-gnu/libfakeroot:/usr/local/lib/i386-linux-gnu:/lib/i386-linux-gnu:/usr/lib/i386-linux-gnu:/usr/local/lib/i686-linux-gnu:/lib/i686-linux-gnu:/usr/lib/i686-linux-gnu:/usr/local/lib:/usr/local/lib/x86_64-linux-gnu:/lib/x86_64-linux-gnu:/usr/lib/x86_64-linux-gnu:/lib32:/usr/lib32:/libx32:/usr/libx32"
| #define HAVE_LIBDL 1
| #define HAVE_DLERROR 1
| #define HAVE_LIBDLLOADER 1
| #define HAVE_ARGZ_H 1
| #define HAVE_ERROR_T 1
| #define HAVE_ARGZ_ADD 1
| #define HAVE_ARGZ_APPEND 1
| #define HAVE_ARGZ_COUNT 1
| #define HAVE_ARGZ_CREATE_SEP 1
| #define HAVE_ARGZ_INSERT 1
| #define HAVE_ARGZ_NEXT 1
| #define HAVE_ARGZ_STRINGIFY 1
| #define HAVE_WORKING_ARGZ 1
| #define HAVE_PRELOADED_SYMBOLS 1
| #define HAVE_UNISTD_H 1
| /* end confdefs.h.  */
| #include <stdio.h>
| #ifdef HAVE_SYS_TYPES_H
| # include <sys/types.h>
| #endif
| #ifdef HAVE_SYS_STAT_H
| # include <sys/stat.h>
| #endif
| #ifdef STDC_HEADERS
| # include <stdlib.h>
| # include <stddef.h>
| #else
| # ifdef HAVE_STDLIB_H
| #  include <stdlib.h>
| # endif
| #endif
| #ifdef HAVE_STRING_H
| # if !defined STDC_HEADERS && defined HAVE_MEMORY_H
| #  include <memory.h>
| # endif
| # include <string.h>
| #endif
| #ifdef HAVE_STRINGS_H
| # include <strings.h>
| #endif
| #ifdef HAVE_INTTYPES_H
| # include <inttypes.h>
| #endif
| #ifdef HAVE_STDINT_H
| # include <stdint.h>
| #endif
| #ifdef HAVE_UNISTD_H
| # include <unistd.h>
| #endif
| 
| #include <dld.h>
configure:13148: result: no
configure:13148: checking for mach-o/dyld.h
configure:13148: /mnt/data/HW/Allwiner/LicheePi-Zero_V3S/root/buildroot-2023.02/output/host/bin/arm-none-linux-gnueabihf-gcc -c -D_LARGEFILE_SOURCE -D_LARGEFILE64_SOURCE -D_FILE_OFFSET_BITS=64  -Os -g0 -D_FORTIFY_SOURCE=1 -D_LARGEFILE_SOURCE -D_LARGEFILE64_SOURCE -D_FILE_OFFSET_BITS=64 conftest.c >&5
conftest.c:75:10: fatal error: mach-o/dyld.h: No such file or directory
   75 | #include <mach-o/dyld.h>
      |          ^~~~~~~~~~~~~~~
compilation terminated.
configure:13148: $? = 1
configure: failed program was:
| /* confdefs.h */
| #define PACKAGE_NAME "libltdl"
| #define PACKAGE_TARNAME "libltdl"
| #define PACKAGE_VERSION "2.4.3a"
| #define PACKAGE_STRING "libltdl 2.4.3a"
| #define PACKAGE_BUGREPORT "bug-libtool@gnu.org"
| #define PACKAGE_URL ""
| #define PACKAGE "libltdl"
| #define VERSION "2.4.3a"
| #define STDC_HEADERS 1
| #define HAVE_SYS_TYPES_H 1
| #define HAVE_SYS_STAT_H 1
| #define HAVE_STDLIB_H 1
| #define HAVE_STRING_H 1
| #define HAVE_MEMORY_H 1
| #define HAVE_STRINGS_H 1
| #define HAVE_INTTYPES_H 1
| #define HAVE_STDINT_H 1
| #define HAVE_UNISTD_H 1
| #define HAVE_DLFCN_H 1
| #define LT_OBJDIR ".libs/"
| #define LT_MODULE_EXT ".so"
| #define LT_MODULE_PATH_VAR "LD_LIBRARY_PATH"
| #define LT_DLSEARCH_PATH "/lib:/usr/lib:/usr/lib/x86_64-linux-gnu/libfakeroot:/usr/local/lib/i386-linux-gnu:/lib/i386-linux-gnu:/usr/lib/i386-linux-gnu:/usr/local/lib/i686-linux-gnu:/lib/i686-linux-gnu:/usr/lib/i686-linux-gnu:/usr/local/lib:/usr/local/lib/x86_64-linux-gnu:/lib/x86_64-linux-gnu:/usr/lib/x86_64-linux-gnu:/lib32:/usr/lib32:/libx32:/usr/libx32"
| #define HAVE_LIBDL 1
| #define HAVE_DLERROR 1
| #define HAVE_LIBDLLOADER 1
| #define HAVE_ARGZ_H 1
| #define HAVE_ERROR_T 1
| #define HAVE_ARGZ_ADD 1
| #define HAVE_ARGZ_APPEND 1
| #define HAVE_ARGZ_COUNT 1
| #define HAVE_ARGZ_CREATE_SEP 1
| #define HAVE_ARGZ_INSERT 1
| #define HAVE_ARGZ_NEXT 1
| #define HAVE_ARGZ_STRINGIFY 1
| #define HAVE_WORKING_ARGZ 1
| #define HAVE_PRELOADED_SYMBOLS 1
| #define HAVE_UNISTD_H 1
| /* end confdefs.h.  */
| #include <stdio.h>
| #ifdef HAVE_SYS_TYPES_H
| # include <sys/types.h>
| #endif
| #ifdef HAVE_SYS_STAT_H
| # include <sys/stat.h>
| #endif
| #ifdef STDC_HEADERS
| # include <stdlib.h>
| # include <stddef.h>
| #else
| # ifdef HAVE_STDLIB_H
| #  include <stdlib.h>
| # endif
| #endif
| #ifdef HAVE_STRING_H
| # if !defined STDC_HEADERS && defined HAVE_MEMORY_H
| #  include <memory.h>
| # endif
| # include <string.h>
| #endif
| #ifdef HAVE_STRINGS_H
| # include <strings.h>
| #endif
| #ifdef HAVE_INTTYPES_H
| # include <inttypes.h>
| #endif
| #ifdef HAVE_STDINT_H
| # include <stdint.h>
| #endif
| #ifdef HAVE_UNISTD_H
| # include <unistd.h>
| #endif
| 
| #include <mach-o/dyld.h>
configure:13148: result: no
configure:13148: checking for dirent.h
configure:13148: /mnt/data/HW/Allwiner/LicheePi-Zero_V3S/root/buildroot-2023.02/output/host/bin/arm-none-linux-gnueabihf-gcc -c -D_LARGEFILE_SOURCE -D_LARGEFILE64_SOURCE -D_FILE_OFFSET_BITS=64  -Os -g0 -D_FORTIFY_SOURCE=1 -D_LARGEFILE_SOURCE -D_LARGEFILE64_SOURCE -D_FILE_OFFSET_BITS=64 conftest.c >&5
configure:13148: $? = 0
configure:13148: result: yes
configure:13163: checking for closedir
configure:13163: /mnt/data/HW/Allwiner/LicheePi-Zero_V3S/root/buildroot-2023.02/output/host/bin/arm-none-linux-gnueabihf-gcc -o conftest -D_LARGEFILE_SOURCE -D_LARGEFILE64_SOURCE -D_FILE_OFFSET_BITS=64  -Os -g0 -D_FORTIFY_SOURCE=1 -D_LARGEFILE_SOURCE -D_LARGEFILE64_SOURCE -D_FILE_OFFSET_BITS=64  conftest.c  >&5
configure:13163: $? = 0
configure:13163: result: yes
configure:13163: checking for opendir
configure:13163: /mnt/data/HW/Allwiner/LicheePi-Zero_V3S/root/buildroot-2023.02/output/host/bin/arm-none-linux-gnueabihf-gcc -o conftest -D_LARGEFILE_SOURCE -D_LARGEFILE64_SOURCE -D_FILE_OFFSET_BITS=64  -Os -g0 -D_FORTIFY_SOURCE=1 -D_LARGEFILE_SOURCE -D_LARGEFILE64_SOURCE -D_FILE_OFFSET_BITS=64  conftest.c  >&5
configure:13163: $? = 0
configure:13163: result: yes
configure:13163: checking for readdir
configure:13163: /mnt/data/HW/Allwiner/LicheePi-Zero_V3S/root/buildroot-2023.02/output/host/bin/arm-none-linux-gnueabihf-gcc -o conftest -D_LARGEFILE_SOURCE -D_LARGEFILE64_SOURCE -D_FILE_OFFSET_BITS=64  -Os -g0 -D_FORTIFY_SOURCE=1 -D_LARGEFILE_SOURCE -D_LARGEFILE64_SOURCE -D_FILE_OFFSET_BITS=64  conftest.c  >&5
configure:13163: $? = 0
configure:13163: result: yes
configure:13182: checking for strlcat
configure:13182: /mnt/data/HW/Allwiner/LicheePi-Zero_V3S/root/buildroot-2023.02/output/host/bin/arm-none-linux-gnueabihf-gcc -o conftest -D_LARGEFILE_SOURCE -D_LARGEFILE64_SOURCE -D_FILE_OFFSET_BITS=64  -Os -g0 -D_FORTIFY_SOURCE=1 -D_LARGEFILE_SOURCE -D_LARGEFILE64_SOURCE -D_FILE_OFFSET_BITS=64  conftest.c  >&5
/mnt/data/HW/Allwiner/LicheePi-Zero_V3S/root/buildroot-2023.02/output/host/opt/ext-toolchain/bin/../lib/gcc/arm-none-linux-gnueabihf/10.3.1/../../../../arm-none-linux-gnueabihf/bin/ld: /tmp/ccX58bG1.o: in function `main':
conftest.c:(.text.startup+0x4): undefined reference to `strlcat'
collect2: error: ld returned 1 exit status
configure:13182: $? = 1
configure: failed program was:
| /* confdefs.h */
| #define PACKAGE_NAME "libltdl"
| #define PACKAGE_TARNAME "libltdl"
| #define PACKAGE_VERSION "2.4.3a"
| #define PACKAGE_STRING "libltdl 2.4.3a"
| #define PACKAGE_BUGREPORT "bug-libtool@gnu.org"
| #define PACKAGE_URL ""
| #define PACKAGE "libltdl"
| #define VERSION "2.4.3a"
| #define STDC_HEADERS 1
| #define HAVE_SYS_TYPES_H 1
| #define HAVE_SYS_STAT_H 1
| #define HAVE_STDLIB_H 1
| #define HAVE_STRING_H 1
| #define HAVE_MEMORY_H 1
| #define HAVE_STRINGS_H 1
| #define HAVE_INTTYPES_H 1
| #define HAVE_STDINT_H 1
| #define HAVE_UNISTD_H 1
| #define HAVE_DLFCN_H 1
| #define LT_OBJDIR ".libs/"
| #define LT_MODULE_EXT ".so"
| #define LT_MODULE_PATH_VAR "LD_LIBRARY_PATH"
| #define LT_DLSEARCH_PATH "/lib:/usr/lib:/usr/lib/x86_64-linux-gnu/libfakeroot:/usr/local/lib/i386-linux-gnu:/lib/i386-linux-gnu:/usr/lib/i386-linux-gnu:/usr/local/lib/i686-linux-gnu:/lib/i686-linux-gnu:/usr/lib/i686-linux-gnu:/usr/local/lib:/usr/local/lib/x86_64-linux-gnu:/lib/x86_64-linux-gnu:/usr/lib/x86_64-linux-gnu:/lib32:/usr/lib32:/libx32:/usr/libx32"
| #define HAVE_LIBDL 1
| #define HAVE_DLERROR 1
| #define HAVE_LIBDLLOADER 1
| #define HAVE_ARGZ_H 1
| #define HAVE_ERROR_T 1
| #define HAVE_ARGZ_ADD 1
| #define HAVE_ARGZ_APPEND 1
| #define HAVE_ARGZ_COUNT 1
| #define HAVE_ARGZ_CREATE_SEP 1
| #define HAVE_ARGZ_INSERT 1
| #define HAVE_ARGZ_NEXT 1
| #define HAVE_ARGZ_STRINGIFY 1
| #define HAVE_WORKING_ARGZ 1
| #define HAVE_PRELOADED_SYMBOLS 1
| #define HAVE_UNISTD_H 1
| #define HAVE_DIRENT_H 1
| #define HAVE_CLOSEDIR 1
| #define HAVE_OPENDIR 1
| #define HAVE_READDIR 1
| /* end confdefs.h.  */
| /* Define strlcat to an innocuous variant, in case <limits.h> declares strlcat.
|    For example, HP-UX 11i <limits.h> declares gettimeofday.  */
| #define strlcat innocuous_strlcat
| 
| /* System header to define __stub macros and hopefully few prototypes,
|     which can conflict with char strlcat (); below.
|     Prefer <limits.h> to <assert.h> if __STDC__ is defined, since
|     <limits.h> exists even on freestanding compilers.  */
| 
| #ifdef __STDC__
| # include <limits.h>
| #else
| # include <assert.h>
| #endif
| 
| #undef strlcat
| 
| /* Override any GCC internal prototype to avoid an error.
|    Use char because int might match the return type of a GCC
|    builtin and then its argument prototype would still apply.  */
| #ifdef __cplusplus
| extern "C"
| #endif
| char strlcat ();
| /* The GNU C library defines this for functions which it implements
|     to always fail with ENOSYS.  Some functions are actually named
|     something starting with __ and the normal name is an alias.  */
| #if defined __stub_strlcat || defined __stub___strlcat
| choke me
| #endif
| 
| int
| main ()
| {
| return strlcat ();
|   ;
|   return 0;
| }
configure:13182: result: no
configure:13182: checking for strlcpy
configure:13182: /mnt/data/HW/Allwiner/LicheePi-Zero_V3S/root/buildroot-2023.02/output/host/bin/arm-none-linux-gnueabihf-gcc -o conftest -D_LARGEFILE_SOURCE -D_LARGEFILE64_SOURCE -D_FILE_OFFSET_BITS=64  -Os -g0 -D_FORTIFY_SOURCE=1 -D_LARGEFILE_SOURCE -D_LARGEFILE64_SOURCE -D_FILE_OFFSET_BITS=64  conftest.c  >&5
/mnt/data/HW/Allwiner/LicheePi-Zero_V3S/root/buildroot-2023.02/output/host/opt/ext-toolchain/bin/../lib/gcc/arm-none-linux-gnueabihf/10.3.1/../../../../arm-none-linux-gnueabihf/bin/ld: /tmp/ccxqxaQr.o: in function `main':
conftest.c:(.text.startup+0x4): undefined reference to `strlcpy'
collect2: error: ld returned 1 exit status
configure:13182: $? = 1
configure: failed program was:
| /* confdefs.h */
| #define PACKAGE_NAME "libltdl"
| #define PACKAGE_TARNAME "libltdl"
| #define PACKAGE_VERSION "2.4.3a"
| #define PACKAGE_STRING "libltdl 2.4.3a"
| #define PACKAGE_BUGREPORT "bug-libtool@gnu.org"
| #define PACKAGE_URL ""
| #define PACKAGE "libltdl"
| #define VERSION "2.4.3a"
| #define STDC_HEADERS 1
| #define HAVE_SYS_TYPES_H 1
| #define HAVE_SYS_STAT_H 1
| #define HAVE_STDLIB_H 1
| #define HAVE_STRING_H 1
| #define HAVE_MEMORY_H 1
| #define HAVE_STRINGS_H 1
| #define HAVE_INTTYPES_H 1
| #define HAVE_STDINT_H 1
| #define HAVE_UNISTD_H 1
| #define HAVE_DLFCN_H 1
| #define LT_OBJDIR ".libs/"
| #define LT_MODULE_EXT ".so"
| #define LT_MODULE_PATH_VAR "LD_LIBRARY_PATH"
| #define LT_DLSEARCH_PATH "/lib:/usr/lib:/usr/lib/x86_64-linux-gnu/libfakeroot:/usr/local/lib/i386-linux-gnu:/lib/i386-linux-gnu:/usr/lib/i386-linux-gnu:/usr/local/lib/i686-linux-gnu:/lib/i686-linux-gnu:/usr/lib/i686-linux-gnu:/usr/local/lib:/usr/local/lib/x86_64-linux-gnu:/lib/x86_64-linux-gnu:/usr/lib/x86_64-linux-gnu:/lib32:/usr/lib32:/libx32:/usr/libx32"
| #define HAVE_LIBDL 1
| #define HAVE_DLERROR 1
| #define HAVE_LIBDLLOADER 1
| #define HAVE_ARGZ_H 1
| #define HAVE_ERROR_T 1
| #define HAVE_ARGZ_ADD 1
| #define HAVE_ARGZ_APPEND 1
| #define HAVE_ARGZ_COUNT 1
| #define HAVE_ARGZ_CREATE_SEP 1
| #define HAVE_ARGZ_INSERT 1
| #define HAVE_ARGZ_NEXT 1
| #define HAVE_ARGZ_STRINGIFY 1
| #define HAVE_WORKING_ARGZ 1
| #define HAVE_PRELOADED_SYMBOLS 1
| #define HAVE_UNISTD_H 1
| #define HAVE_DIRENT_H 1
| #define HAVE_CLOSEDIR 1
| #define HAVE_OPENDIR 1
| #define HAVE_READDIR 1
| /* end confdefs.h.  */
| /* Define strlcpy to an innocuous variant, in case <limits.h> declares strlcpy.
|    For example, HP-UX 11i <limits.h> declares gettimeofday.  */
| #define strlcpy innocuous_strlcpy
| 
| /* System header to define __stub macros and hopefully few prototypes,
|     which can conflict with char strlcpy (); below.
|     Prefer <limits.h> to <assert.h> if __STDC__ is defined, since
|     <limits.h> exists even on freestanding compilers.  */
| 
| #ifdef __STDC__
| # include <limits.h>
| #else
| # include <assert.h>
| #endif
| 
| #undef strlcpy
| 
| /* Override any GCC internal prototype to avoid an error.
|    Use char because int might match the return type of a GCC
|    builtin and then its argument prototype would still apply.  */
| #ifdef __cplusplus
| extern "C"
| #endif
| char strlcpy ();
| /* The GNU C library defines this for functions which it implements
|     to always fail with ENOSYS.  Some functions are actually named
|     something starting with __ and the normal name is an alias.  */
| #if defined __stub_strlcpy || defined __stub___strlcpy
| choke me
| #endif
| 
| int
| main ()
| {
| return strlcpy ();
|   ;
|   return 0;
| }
configure:13182: result: no
configure:13325: checking that generated files are newer than configure
configure:13331: result: done
configure:13363: creating ./config.status

## ---------------------- ##
## Running config.status. ##
## ---------------------- ##

This file was extended by libltdl config.status 2.4.3a, which was
generated by GNU Autoconf 2.69.  Invocation command line was

  CONFIG_FILES    = 
  CONFIG_HEADERS  = 
  CONFIG_LINKS    = 
  CONFIG_COMMANDS = 
  $ ./config.status 

on iam-delux

config.status:1125: creating Makefile
config.status:1125: creating config.h
config.status:1354: executing depfiles commands
config.status:1354: executing libtool commands

## ---------------- ##
## Cache variables. ##
## ---------------- ##

ac_cv_build=x86_64-pc-linux-gnu
ac_cv_c_bigendian=no
ac_cv_c_compiler_gnu=yes
ac_cv_env_CC_set=set
ac_cv_env_CC_value=/mnt/data/HW/Allwiner/LicheePi-Zero_V3S/root/buildroot-2023.02/output/host/bin/arm-none-linux-gnueabihf-gcc
ac_cv_env_CFLAGS_set=set
ac_cv_env_CFLAGS_value='-D_LARGEFILE_SOURCE -D_LARGEFILE64_SOURCE -D_FILE_OFFSET_BITS=64  -Os -g0 -D_FORTIFY_SOURCE=1'
ac_cv_env_CPPFLAGS_set=set
ac_cv_env_CPPFLAGS_value='-D_LARGEFILE_SOURCE -D_LARGEFILE64_SOURCE -D_FILE_OFFSET_BITS=64'
ac_cv_env_CPP_set=set
ac_cv_env_CPP_value=/mnt/data/HW/Allwiner/LicheePi-Zero_V3S/root/buildroot-2023.02/output/host/bin/arm-none-linux-gnueabihf-cpp
ac_cv_env_LDFLAGS_set=set
ac_cv_env_LDFLAGS_value=
ac_cv_env_LIBS_set=
ac_cv_env_LIBS_value=
ac_cv_env_LT_SYS_LIBRARY_PATH_set=
ac_cv_env_LT_SYS_LIBRARY_PATH_value=
ac_cv_env_build_alias_set=set
ac_cv_env_build_alias_value=x86_64-pc-linux-gnu
ac_cv_env_host_alias_set=set
ac_cv_env_host_alias_value=arm-buildroot-linux-gnueabihf
ac_cv_env_target_alias_set=set
ac_cv_env_target_alias_value=arm-buildroot-linux-gnueabihf
ac_cv_func_argz_add=yes
ac_cv_func_argz_append=yes
ac_cv_func_argz_count=yes
ac_cv_func_argz_create_sep=yes
ac_cv_func_argz_insert=yes
ac_cv_func_argz_next=yes
ac_cv_func_argz_stringify=yes
ac_cv_func_calloc_0_nonnull=yes
ac_cv_func_closedir=yes
ac_cv_func_dlerror=yes
ac_cv_func_dlopen=no
ac_cv_func_malloc_0_nonnull=yes
ac_cv_func_memcmp_working=yes
ac_cv_func_mmap_fixed_mapped=yes
ac_cv_func_opendir=yes
ac_cv_func_readdir=yes
ac_cv_func_realloc_0_nonnull=yes
ac_cv_func_shl_load=no
ac_cv_func_strlcat=no
ac_cv_func_strlcpy=no
ac_cv_have_decl_malloc=yes
ac_cv_header_argz_h=yes
ac_cv_header_dirent_h=yes
ac_cv_header_dl_h=no
ac_cv_header_dld_h=no
ac_cv_header_dlfcn_h=yes
ac_cv_header_inttypes_h=yes
ac_cv_header_mach_o_dyld_h=no
ac_cv_header_memory_h=yes
ac_cv_header_stdc=yes
ac_cv_header_stdint_h=yes
ac_cv_header_stdlib_h=yes
ac_cv_header_string_h=yes
ac_cv_header_strings_h=yes
ac_cv_header_sys_dl_h=no
ac_cv_header_sys_stat_h=yes
ac_cv_header_sys_types_h=yes
ac_cv_header_unistd_h=yes
ac_cv_host=arm-buildroot-linux-gnueabihf
ac_cv_lbl_unaligned_fail=yes
ac_cv_lib_dl_dlopen=yes
ac_cv_lib_dld_dld_link=no
ac_cv_lib_dld_shl_load=no
ac_cv_objext=o
ac_cv_path_EGREP='/usr/bin/grep -E'
ac_cv_path_FGREP='/usr/bin/grep -F'
ac_cv_path_GREP=/usr/bin/grep
ac_cv_path_SED=/usr/bin/sed
ac_cv_path_install='/usr/bin/install -c'
ac_cv_path_lt_DD=/usr/bin/dd
ac_cv_path_mkdir=/usr/bin/mkdir
ac_cv_prog_AR=/mnt/data/HW/Allwiner/LicheePi-Zero_V3S/root/buildroot-2023.02/output/host/bin/arm-none-linux-gnueabihf-gcc-ar
ac_cv_prog_AWK=gawk
ac_cv_prog_CC=/mnt/data/HW/Allwiner/LicheePi-Zero_V3S/root/buildroot-2023.02/output/host/bin/arm-none-linux-gnueabihf-gcc
ac_cv_prog_CPP=/mnt/data/HW/Allwiner/LicheePi-Zero_V3S/root/buildroot-2023.02/output/host/bin/arm-none-linux-gnueabihf-cpp
ac_cv_prog_OBJDUMP=/mnt/data/HW/Allwiner/LicheePi-Zero_V3S/root/buildroot-2023.02/output/host/bin/arm-none-linux-gnueabihf-objdump
ac_cv_prog_RANLIB=/mnt/data/HW/Allwiner/LicheePi-Zero_V3S/root/buildroot-2023.02/output/host/bin/arm-none-linux-gnueabihf-gcc-ranlib
ac_cv_prog_STRIP=/mnt/data/HW/Allwiner/LicheePi-Zero_V3S/root/buildroot-2023.02/output/host/bin/arm-none-linux-gnueabihf-strip
ac_cv_prog_ac_ct_MANIFEST_TOOL=mt
ac_cv_prog_cc_c89=
ac_cv_prog_cc_g=yes
ac_cv_prog_make_make_set=yes
ac_cv_search_dlopen=-ldl
ac_cv_type_error_t=yes
am_cv_CC_dependencies_compiler_type=none
am_cv_make_support_nested_variables=yes
am_cv_prog_cc_c_o=yes
gl_cv_func_malloc_0_nonnull=yes
libltdl_cv_lib_dl_dlopen=yes
libltdl_cv_preloaded_symbols=yes
libltdl_cv_shlibext=.so
libltdl_cv_shrext=.so
lt_cv_ar_at_file=@
lt_cv_archive_cmds_need_lc=no
lt_cv_deplibs_check_method=pass_all
lt_cv_dlopen=dlopen
lt_cv_dlopen_libs=-ldl
lt_cv_dlopen_self=cross
lt_cv_file_magic_cmd='$MAGIC_CMD'
lt_cv_file_magic_test_file=
lt_cv_ld_reload_flag=-r
lt_cv_module_path_var=LD_LIBRARY_PATH
lt_cv_nm_interface='BSD nm'
lt_cv_objdir=.libs
lt_cv_path_LD=/mnt/data/HW/Allwiner/LicheePi-Zero_V3S/root/buildroot-2023.02/output/host/bin/arm-none-linux-gnueabihf-ld
lt_cv_path_NM=/mnt/data/HW/Allwiner/LicheePi-Zero_V3S/root/buildroot-2023.02/output/host/bin/arm-none-linux-gnueabihf-gcc-nm
lt_cv_path_mainfest_tool=no
lt_cv_prog_compiler_c_o=yes
lt_cv_prog_compiler_pic='-fPIC -DPIC'
lt_cv_prog_compiler_pic_works=yes
lt_cv_prog_compiler_rtti_exceptions=no
lt_cv_prog_compiler_static_works=yes
lt_cv_prog_gnu_ld=yes
lt_cv_sharedlib_from_linklib_cmd='printf %s\n'
lt_cv_shlibpath_overrides_runpath=no
lt_cv_sys_argz_works=yes
lt_cv_sys_dlopen_deplibs=yes
lt_cv_sys_dlsearch_path='/lib /usr/lib /usr/lib/x86_64-linux-gnu/libfakeroot /usr/local/lib/i386-linux-gnu /lib/i386-linux-gnu /usr/lib/i386-linux-gnu /usr/local/lib/i686-linux-gnu /lib/i686-linux-gnu /usr/lib/i686-linux-gnu /usr/local/lib /usr/local/lib/x86_64-linux-gnu /lib/x86_64-linux-gnu /usr/lib/x86_64-linux-gnu /lib32 /usr/lib32 /libx32 /usr/libx32 '
lt_cv_sys_global_symbol_pipe='sed -n -e '\''s/^.*[	 ]\([ABCDGIRSTW][ABCDGIRSTW]*\)[	 ][	 ]*\([_A-Za-z][_A-Za-z0-9]*\)$/\1 \2 \2/p'\'' | sed '\''/ __gnu_lto/d'\'''
lt_cv_sys_global_symbol_to_c_name_address='sed -n -e '\''s/^: \(.*\) .*$/  {"\1", (void *) 0},/p'\'' -e '\''s/^[ABCDGIRSTW][ABCDGIRSTW]* .* \(.*\)$/  {"\1", (void *) \&\1},/p'\'''
lt_cv_sys_global_symbol_to_c_name_address_lib_prefix='sed -n -e '\''s/^: \(.*\) .*$/  {"\1", (void *) 0},/p'\'' -e '\''s/^[ABCDGIRSTW][ABCDGIRSTW]* .* \(lib.*\)$/  {"\1", (void *) \&\1},/p'\'' -e '\''s/^[ABCDGIRSTW][ABCDGIRSTW]* .* \(.*\)$/  {"lib\1", (void *) \&\1},/p'\'''
lt_cv_sys_global_symbol_to_cdecl='sed -n -e '\''s/^T .* \(.*\)$/extern int \1();/p'\'' -e '\''s/^[ABCDGIRSTW][ABCDGIRSTW]* .* \(.*\)$/extern char \1;/p'\'''
lt_cv_sys_global_symbol_to_import=
lt_cv_sys_lib_search_path_spec=
lt_cv_sys_max_cmd_len=1572864
lt_cv_sys_symbol_underscore=no
lt_cv_to_host_file_cmd=func_convert_file_noop
lt_cv_to_tool_file_cmd=func_convert_file_noop
lt_cv_truncate_bin='/usr/bin/dd bs=4096 count=1'

## ----------------- ##
## Output variables. ##
## ----------------- ##

ACLOCAL='${SHELL} /mnt/data/HW/Allwiner/LicheePi-Zero_V3S/root/buildroot-2023.02/output/build/mocp-2.6.alpha3/missing aclocal-1.15'
AMDEPBACKSLASH=''
AMDEP_FALSE=''
AMDEP_TRUE='#'
AMTAR='$${TAR-tar}'
AM_BACKSLASH='\'
AM_DEFAULT_V='$(AM_DEFAULT_VERBOSITY)'
AM_DEFAULT_VERBOSITY='0'
AM_V='$(V)'
AR='/mnt/data/HW/Allwiner/LicheePi-Zero_V3S/root/buildroot-2023.02/output/host/bin/arm-none-linux-gnueabihf-gcc-ar'
AS='/mnt/data/HW/Allwiner/LicheePi-Zero_V3S/root/buildroot-2023.02/output/host/bin/arm-none-linux-gnueabihf-as'
AUTOCONF='${SHELL} /mnt/data/HW/Allwiner/LicheePi-Zero_V3S/root/buildroot-2023.02/output/build/mocp-2.6.alpha3/missing autoconf'
AUTOHEADER='${SHELL} /mnt/data/HW/Allwiner/LicheePi-Zero_V3S/root/buildroot-2023.02/output/build/mocp-2.6.alpha3/missing autoheader'
AUTOMAKE='${SHELL} /mnt/data/HW/Allwiner/LicheePi-Zero_V3S/root/buildroot-2023.02/output/build/mocp-2.6.alpha3/missing automake-1.15'
AWK='gawk'
CC='/mnt/data/HW/Allwiner/LicheePi-Zero_V3S/root/buildroot-2023.02/output/host/bin/arm-none-linux-gnueabihf-gcc'
CCDEPMODE='depmode=none'
CFLAGS='-D_LARGEFILE_SOURCE -D_LARGEFILE64_SOURCE -D_FILE_OFFSET_BITS=64  -Os -g0 -D_FORTIFY_SOURCE=1'
CONVENIENCE_LTDL_FALSE='#'
CONVENIENCE_LTDL_TRUE=''
CPP='/mnt/data/HW/Allwiner/LicheePi-Zero_V3S/root/buildroot-2023.02/output/host/bin/arm-none-linux-gnueabihf-cpp'
CPPFLAGS='-D_LARGEFILE_SOURCE -D_LARGEFILE64_SOURCE -D_FILE_OFFSET_BITS=64'
CYGPATH_W='echo'
DEFS='-DHAVE_CONFIG_H'
DEPDIR='.deps'
DLLTOOL='false'
DSYMUTIL=''
DUMPBIN=''
ECHO_C=''
ECHO_N='-n'
ECHO_T=''
EGREP='/usr/bin/grep -E'
EXEEXT=''
FGREP='/usr/bin/grep -F'
GREP='/usr/bin/grep'
INSTALL_DATA='${INSTALL} -m 644'
INSTALL_LTDL_FALSE=''
INSTALL_LTDL_TRUE='#'
INSTALL_PROGRAM='${INSTALL}'
INSTALL_SCRIPT='${INSTALL}'
INSTALL_STRIP_PROGRAM='$(install_sh) -c -s'
LD='/mnt/data/HW/Allwiner/LicheePi-Zero_V3S/root/buildroot-2023.02/output/host/bin/arm-none-linux-gnueabihf-ld'
LDFLAGS=''
LIBADD_DL='-ldl '
LIBADD_DLD_LINK=''
LIBADD_DLOPEN='-ldl'
LIBADD_SHL_LOAD=''
LIBOBJS=' ${LIBOBJDIR}lt__strl$U.o'
LIBS=''
LIBTOOL='$(SHELL) $(top_builddir)/libtool'
LIPO=''
LN_S='ln -s'
LTDLOPEN='libltdl'
LTLIBOBJS=' ${LIBOBJDIR}lt__strl$U.lo'
LT_ARGZ_H=''
LT_CONFIG_H='config.h'
LT_DLLOADERS=' dlopen.la'
LT_DLPREOPEN='-dlpreopen dlopen.la '
LT_SYS_LIBRARY_PATH=''
MAKEINFO='${SHELL} /mnt/data/HW/Allwiner/LicheePi-Zero_V3S/root/buildroot-2023.02/output/build/mocp-2.6.alpha3/missing makeinfo'
MANIFEST_TOOL=':'
MKDIR_P='/usr/bin/mkdir -p'
NM='/mnt/data/HW/Allwiner/LicheePi-Zero_V3S/root/buildroot-2023.02/output/host/bin/arm-none-linux-gnueabihf-gcc-nm'
NMEDIT=''
OBJDUMP='/mnt/data/HW/Allwiner/LicheePi-Zero_V3S/root/buildroot-2023.02/output/host/bin/arm-none-linux-gnueabihf-objdump'
OBJEXT='o'
OTOOL64=''
OTOOL=''
PACKAGE='libltdl'
PACKAGE_BUGREPORT='bug-libtool@gnu.org'
PACKAGE_NAME='libltdl'
PACKAGE_STRING='libltdl 2.4.3a'
PACKAGE_TARNAME='libltdl'
PACKAGE_URL=''
PACKAGE_VERSION='2.4.3a'
PATH_SEPARATOR=':'
RANLIB='/mnt/data/HW/Allwiner/LicheePi-Zero_V3S/root/buildroot-2023.02/output/host/bin/arm-none-linux-gnueabihf-gcc-ranlib'
SED='/usr/bin/sed'
SET_MAKE=''
SHELL='/bin/bash'
STRIP='/mnt/data/HW/Allwiner/LicheePi-Zero_V3S/root/buildroot-2023.02/output/host/bin/arm-none-linux-gnueabihf-strip'
VERSION='2.4.3a'
ac_ct_AR=''
ac_ct_CC=''
ac_ct_DUMPBIN=''
am__EXEEXT_FALSE=''
am__EXEEXT_TRUE='#'
am__fastdepCC_FALSE=''
am__fastdepCC_TRUE='#'
am__include='include'
am__isrc=''
am__leading_dot='.'
am__nodep=''
am__quote=''
am__tar='$${TAR-tar} chof - "$$tardir"'
am__untar='$${TAR-tar} xf -'
bindir='${exec_prefix}/bin'
build='x86_64-pc-linux-gnu'
build_alias='x86_64-pc-linux-gnu'
build_cpu='x86_64'
build_os='linux-gnu'
build_vendor='pc'
datadir='${datarootdir}'
datarootdir='${prefix}/share'
docdir='${datarootdir}/doc/${PACKAGE_TARNAME}'
dvidir='${docdir}'
exec_prefix='/usr'
host='arm-buildroot-linux-gnueabihf'
host_alias='arm-buildroot-linux-gnueabihf'
host_cpu='arm'
host_os='linux-gnueabihf'
host_vendor='buildroot'
htmldir='${docdir}'
includedir='${prefix}/include'
infodir='${datarootdir}/info'
install_sh='${SHELL} /mnt/data/HW/Allwiner/LicheePi-Zero_V3S/root/buildroot-2023.02/output/build/mocp-2.6.alpha3/install-sh'
libdir='${exec_prefix}/lib'
libexecdir='${exec_prefix}/libexec'
localedir='${datarootdir}/locale'
localstatedir='/var'
mandir='${datarootdir}/man'
mkdir_p='$(MKDIR_P)'
oldincludedir='/usr/include'
pdfdir='${docdir}'
prefix='/usr'
program_transform_name='s&^&&'
psdir='${docdir}'
sbindir='${exec_prefix}/sbin'
sharedstatedir='${prefix}/com'
sys_symbol_underscore='no'
sysconfdir='/etc'
target_alias='arm-buildroot-linux-gnueabihf'

## ----------- ##
## confdefs.h. ##
## ----------- ##

/* confdefs.h */
#define PACKAGE_NAME "libltdl"
#define PACKAGE_TARNAME "libltdl"
#define PACKAGE_VERSION "2.4.3a"
#define PACKAGE_STRING "libltdl 2.4.3a"
#define PACKAGE_BUGREPORT "bug-libtool@gnu.org"
#define PACKAGE_URL ""
#define PACKAGE "libltdl"
#define VERSION "2.4.3a"
#define STDC_HEADERS 1
#define HAVE_SYS_TYPES_H 1
#define HAVE_SYS_STAT_H 1
#define HAVE_STDLIB_H 1
#define HAVE_STRING_H 1
#define HAVE_MEMORY_H 1
#define HAVE_STRINGS_H 1
#define HAVE_INTTYPES_H 1
#define HAVE_STDINT_H 1
#define HAVE_UNISTD_H 1
#define HAVE_DLFCN_H 1
#define LT_OBJDIR ".libs/"
#define LT_MODULE_EXT ".so"
#define LT_MODULE_PATH_VAR "LD_LIBRARY_PATH"
#define LT_DLSEARCH_PATH "/lib:/usr/lib:/usr/lib/x86_64-linux-gnu/libfakeroot:/usr/local/lib/i386-linux-gnu:/lib/i386-linux-gnu:/usr/lib/i386-linux-gnu:/usr/local/lib/i686-linux-gnu:/lib/i686-linux-gnu:/usr/lib/i686-linux-gnu:/usr/local/lib:/usr/local/lib/x86_64-linux-gnu:/lib/x86_64-linux-gnu:/usr/lib/x86_64-linux-gnu:/lib32:/usr/lib32:/libx32:/usr/libx32"
#define HAVE_LIBDL 1
#define HAVE_DLERROR 1
#define HAVE_LIBDLLOADER 1
#define HAVE_ARGZ_H 1
#define HAVE_ERROR_T 1
#define HAVE_ARGZ_ADD 1
#define HAVE_ARGZ_APPEND 1
#define HAVE_ARGZ_COUNT 1
#define HAVE_ARGZ_CREATE_SEP 1
#define HAVE_ARGZ_INSERT 1
#define HAVE_ARGZ_NEXT 1
#define HAVE_ARGZ_STRINGIFY 1
#define HAVE_WORKING_ARGZ 1
#define HAVE_PRELOADED_SYMBOLS 1
#define HAVE_UNISTD_H 1
#define HAVE_DIRENT_H 1
#define HAVE_CLOSEDIR 1
#define HAVE_OPENDIR 1
#define HAVE_READDIR 1
#define LT_LIBEXT "a"
#define LT_LIBPREFIX "lib"

configure: exit 0
